  dataset        a v_pure_gain t0_pure_gain      st0 v_pure_mixed t0_pure_mixed v_pure_loss t0_pure_loss  penalty      fit     time   method
        1   1.6732   1.4206   0.2989   0.0001   0.6433   0.2637   0.6508   0.3462   0.0000 122.0482   0.1440       ML
       10   1.8391   0.2785   0.3204   0.0002  -0.0430   0.4611   0.2514   0.4315   0.0000 165.7345   0.1840       ML
      100   2.0711   0.5221   0.3087   0.2603   0.4735   0.1553   0.7408   0.3832   0.0000 177.1923   0.6390       ML
      101   1.9926   0.5365   0.2648   0.3757   0.7348   0.5144   0.6667   0.1878   0.0000 178.5858   1.5900       ML
      102   2.3807   1.6416   0.6864   0.1874   0.7781   0.7534   1.2663   0.8483   0.0000 112.2819   0.4880       ML
      103   1.8503   1.6258   0.6214   0.0001   0.8496   0.5108   1.6020   0.5328   0.0000  75.1106   0.2460       ML
      104   2.1997   0.9344   0.3046   0.0005   0.7345   0.4349   0.8500   0.4481   0.0000 156.7245   0.2820       ML
      105   1.5222   2.4264   0.5588   0.3603   1.2507   0.7273   2.1405   0.5175   0.0000  26.8345   1.0420       ML
       11   1.4698   1.3074   0.6416   0.2887   0.5074   0.4886   1.8506   0.5351   0.0000  66.8983   0.8470       ML
       12   0.8900   1.7182   0.4383   0.1172   0.5741   0.3606   2.9089   0.5171   0.0000 -57.2895   0.4740       ML
       13   1.5473   1.8355   0.3847   0.0000   1.1737   0.4041   1.2548   0.3443   0.0000  46.3403   0.2860       ML
       14   1.3036   2.4981   0.5851   0.2919   0.9501   0.6561   1.8784   0.5833   0.0000  18.3439   0.9190       ML
       15   1.6591   1.5290   0.4568   0.0000   0.9893   0.4161   2.5204   0.4689   0.0000  36.3627   0.2580       ML
       17   1.3152   1.4936   0.6055   0.3741   0.5273   0.6427   2.6206   0.5364   0.0000  44.4660   1.0230       ML
       18   0.9779   6.2037   0.8278   0.4554   1.2752   0.7749   2.8472   0.6850   0.0000 -19.1940   1.3640       ML
       19   1.2292   1.5965   0.5180   0.3164   1.7214   0.5627   1.7263   0.6001   0.0000  27.0814   0.8790       ML
        2   1.0998  -0.4130   0.1919   0.0000   0.6205   0.2167   0.2790   0.1922   0.0000  30.5043   0.0750       ML
       20   1.7149   1.4775   0.7574   0.6406   0.1699   0.7000  -0.1000   1.0536   0.0000 165.4949   1.5570       ML
       21   2.2143   1.6037   0.7041   0.1575   0.9941   0.7669   1.0982   0.6161   0.0000 111.2207   0.4790       ML
       22   1.4482   1.1476   0.4964   0.1486   1.0566   0.5193   1.9767   0.5846   0.0000  50.4266   0.5490       ML
       23   1.8631   0.1006   0.1852   0.0001   0.2164   0.3832   1.2533   0.6362   0.0000 155.4357   0.5400       ML
       24   1.4282   2.7018   0.4845   0.1372   0.6658   0.5465   1.4535   0.6571   0.0000  28.4453   0.4540       ML
       25   1.3959   0.6505   0.5149   0.3023   1.0607   0.4712   1.1143   0.4473   0.0000  83.0473   1.5660       ML
       26   1.6285   1.7349   0.7649   0.3687   0.8323   0.8864   1.0160   0.8178   0.0000 101.4952   1.0760       ML
       27   1.1089   1.3231   0.5169   0.2336   1.1108   0.5383   2.0247   0.5440   0.0000  15.2416   0.6890       ML
       28   1.7794   1.9979   0.4342   0.5945   0.6741   0.8692   1.3282   0.9163   0.0000 111.0233   1.6710       ML
       29   1.9167   2.6956   0.9338   1.0042   0.8777   1.2973   3.2072   1.1118   0.0000  93.4844   3.5040       ML
        3   2.3315   0.8704   0.9176   0.8412   0.6607   0.7552   1.4898   0.7056   0.0000 158.7090   1.7800       ML
       30   1.1991   1.8903   0.5559   0.2029   1.0952   0.4958   2.2896   0.5715   0.0000   5.6982   0.7010       ML
       31   1.1626   2.0715   0.4856   0.4082   0.3079   0.5494   1.5765   0.6869   0.0000  54.8253   1.0470       ML
       32   1.2326   2.8509   0.5673   0.3415   0.7075   0.4741   1.5269   0.6596   0.0000  25.9838   1.0120       ML
       33   1.6411   1.4758   1.2560   1.0586   0.6277   1.5628   0.0891   0.8200   0.0000 165.5993   2.9190       ML
       34   1.9207   1.8622   1.0211   0.6386   1.0704   1.2071   7.3800   1.1843   0.0000  56.5651   2.9510       ML
       35   2.4508   1.4349   0.6739   0.1777   1.3486   0.7371   1.5222   0.9056   0.0000 101.6120   0.5220       ML
       36   2.4505   1.3756   1.0335   0.0007   0.5579   1.0359   1.6124   0.7199   0.0000 127.6366   0.2990       ML
       38   1.3732   1.4624   0.7493   0.1222   0.7828   0.8004   1.6038   0.6376   0.0000  46.9369   0.4890       ML
       39   0.9087   2.8030   0.5891   0.2977   0.8041   0.5927   3.0124   0.6589   0.0000 -35.5249   1.8870       ML
       40   1.4142   0.8567   0.4246   0.2288   0.2116   0.3910   0.7804   0.4522   0.0000 113.4038   0.6370       ML
       41   2.4225   0.9689   0.7938   0.3813   0.5028   1.0025   0.5447   0.5904   0.0000 198.9833   0.8820       ML
       42   1.7988   0.3789   0.4265   0.3904   0.2875   0.4273   0.4266   0.4655   0.0000 176.4695   0.8510       ML
       44   1.0751   1.5260   0.6208   0.3246   1.3824   0.5775   0.9118   0.6225   0.0000  39.7419   0.7850       ML
       45   1.1999   1.9696   0.2855   0.0631   0.5502   0.2670   1.3585   0.2872   0.0000  16.0778   0.3280       ML
       46   1.2406   1.8132   0.4720   0.1653   1.3652   0.4795   1.8515   0.3639   0.0000   3.7510   0.5240       ML
       47   1.7723   1.0369   0.6438   0.4954   0.5417   0.8222   1.3109   0.4807   0.0000 136.4779   1.2140       ML
       48   1.5225   2.6556   0.6722   0.2020   1.5241   0.8662   1.9546   0.6738   0.0000   0.7322   0.5570       ML
       49   1.1027   0.0721   0.4030   0.0001   1.5331   0.3989   1.6655   0.3910   0.0000   4.4529   0.1750       ML
        5   1.9930   2.4902   0.6630   0.3756   0.7252   0.9612   1.4899   0.7802   0.0000  84.6303   0.8680       ML
       50   1.2606   0.7435   0.5696   0.3941   0.7550   0.6125   0.9804   0.7021   0.0000  95.9133   0.9850       ML
       51   2.0231   1.7542   0.5977   0.2058   0.6536   0.7996   1.8351   0.5514   0.0000  88.7276   0.6250       ML
       52   1.7311   1.0765   0.8418   0.4851   1.2486   0.8420   1.4372   0.7688   0.0000 110.2514   1.2310       ML
       53   2.0097   0.6763   0.2213   0.3163   0.2806   0.3263   0.6614   0.3512   0.0000 187.1442   0.7450       ML
       54   2.5484   2.3364   0.6801   0.4919   1.2795   0.6760   1.4124   0.6044   0.0000  98.7601   1.3230       ML
       55   1.8399   3.3707   0.8495   0.3470   1.1881   0.6963   3.4220   0.6915   0.0000   4.8896   1.0290       ML
       56   1.5598   1.7230   0.5421   0.4541   0.2858   0.3763   0.5429   0.3108   0.0000 123.5305   1.1060       ML
       57   1.4716   2.5499   0.5683   0.2961   0.5130   0.5738   1.4751   0.7386   0.0000  50.1917   0.7680       ML
       58   1.5680   1.7904   0.7609   0.3903   0.8469   1.0309   0.6926   0.7389   0.0000 102.6145   1.0590       ML
        6   1.7748   0.6845   0.3910   0.0000   0.5696   0.2578   0.5843   0.3140   0.0000 153.8682   0.2700       ML
       61   1.9446   1.3762   0.7855   0.0003   0.7189   0.6005   1.7415   0.6754   0.0000  95.0932   0.2780       ML
       62   1.6065   1.0806   0.5643   0.3366   0.7152   0.3650   1.5527   0.7090   0.0000 103.1165   0.8630       ML
       63   1.3078   1.5633   0.7048   0.1913   0.5892   0.7925   1.8219   0.8340   0.0000  35.2489   0.8460       ML
       64   1.5060   1.1363   1.0827   1.4791   0.7290   1.5689   0.6008   1.2316   0.0000 195.0689   3.4870       ML
       65   1.8054   1.6938   0.6834   0.3088  -0.0683   0.6046   1.1732   0.9342   0.0000 108.1553   0.4050       ML
       66   2.0360   2.1673   0.5692   0.3079   1.0645   0.5932   1.5711   0.4690   0.0000  75.6192   0.9590       ML
       67   1.2298   1.4672   0.4489   0.1196   0.2096   0.4151   0.2226   0.3939   0.0000  63.2446   0.3970       ML
       68   1.4699   0.5463   0.2087   0.0007   0.3845   0.2700   0.6089   0.2323   0.0000 122.3393   0.1930       ML
       69   1.4913   0.7745   0.4956   0.1599   0.6304   0.4504   1.9462   0.4735   0.0000  76.2235   0.4750       ML
        7   2.9371   1.1909   0.6227   0.0001   1.4621   0.7333   1.2345   0.7598   0.0000 117.1359   0.5120       ML
       70   1.8572   1.2479   0.5174   0.1405   0.8852   0.5482   0.8401   0.4781   0.0000 122.4474   0.4670       ML
       71   1.2546   3.2380   0.3969   0.1919   0.7734   0.4415   2.1870   0.4631   0.0000  -9.7909   0.6220       ML
       72   2.1337   1.0947   0.3724   0.0003   0.6870   0.1907   1.4629   0.3729   0.0000 131.9128   0.3140       ML
       74   1.9417   0.8137   0.9718   0.8680   0.3879   1.3056   0.7852   1.1560   0.0000 175.7623   1.9310       ML
       75   1.2114   2.1273   0.7643   0.4030   0.9729   0.5968   1.6545   0.6533   0.0000  42.8611   1.3710       ML
       76   1.2960   2.1844   0.3854   0.0001   0.3768   0.4513   1.1578   0.4895   0.0000  30.0180   0.2600       ML
       77   2.0748   1.3579   0.3961   0.0002   0.8536   0.3936   1.4771   0.3628   0.0000 105.1609   0.1740       ML
       78   1.7147   1.8516   0.4967   0.0001   0.4838   0.5363  -1.3497   0.5043   0.0000  83.3207   0.2580       ML
       79   1.6457   2.3390   0.6962   0.3728   1.2828   0.8197   2.3355   0.7768   0.0000  30.9599   1.0410       ML
        8   1.3625   1.1790   0.7980   0.1703   0.7656   0.7706   2.5387   0.4226   0.0000  31.7320   0.5070       ML
       81   2.1360   1.4968   0.6933   0.4222   0.8197   0.7574   1.8809   0.6271   0.0000 105.4538   1.0330       ML
       82   1.6861   0.9247   0.4701   0.1328   0.4493   0.4433   1.4077   0.4278   0.0000 111.7127   0.4080       ML
       83   1.3774   1.7223   0.4784   0.0002   0.2724   0.4183   1.0251   0.4632   0.0000  56.2228   0.2620       ML
       85   1.6543   1.7648   0.8949   0.1621   0.5119   0.5464   1.3425   0.6267   0.0000  92.5441   0.6460       ML
       86   2.2193   1.0682   0.8462   0.4331   0.8843   0.9241   0.8612   0.7810   0.0000 156.7286   1.0460       ML
       87   2.9152   1.2331   0.6412   0.2500   1.7559   0.5977   1.4497   0.6371   0.0000 109.2653   0.6990       ML
       88   2.0441   0.7772   0.8448   0.2642   0.2971   0.5950   0.9719   0.7470   0.0000 171.4802   0.7110       ML
       89   2.5015   3.2940   0.5398   0.5811   0.9412   0.5645   1.3637   0.4606   0.0000 101.1118   1.7280       ML
        9   2.1914   0.7584   0.3024   0.2488   0.8610   0.7225   1.3423   0.5298   0.0000 134.4895   0.6000       ML
       90   1.0712   1.6536   0.3637   0.1566   0.1597   0.3377   1.2506   0.5389   0.0000  21.4700   0.4950       ML
       91   1.4283   3.1044   0.7391   0.3999   1.3877   0.7858   2.7337   0.6854   0.0000   3.6815   1.1070       ML
       92   2.6492   1.7180   1.0883   0.7763   1.0783   1.3526   1.6039   0.7763   0.0000 107.5651   1.9500       ML
       93   1.4337   2.1849   0.7058   0.4026   1.7476   0.8358   1.9584   0.6740   0.0000  25.1508   0.9650       ML
       94   2.2130   1.5855   0.5339   0.0010   1.1301   0.6205   1.2181   0.4502   0.0000  96.8661   0.2270       ML
       95   1.3567   1.0382   0.5716   0.1668   0.7126   0.7270   1.6426   0.4960   0.0000  62.6824   0.5680       ML
       96   1.4206   0.2607   0.2352   0.0001   0.0000   0.3054   0.3231   0.2793   0.0000 128.9789   0.1650       ML
       97   1.5610   2.0343   0.7050   0.4945   0.2415   0.7904   1.0906   0.7335   0.0000 106.4444   1.4610       ML
       98   1.9499   1.3636   0.8611   0.5844   0.8632   1.4896   0.4783   1.7793   0.0000 132.1640   1.3110       ML
       99   0.9106   2.3015   0.7827   0.5651   1.0683   0.8634   0.8658   0.7298   0.0000  49.2671   1.5120       ML
