  dataset        a v_pure_gain t0_pure_gain      szr       sv      st0 v_pure_mixed t0_pure_mixed v_pure_loss t0_pure_loss  penalty      fit     time   method
        1   2.1104   2.8323   0.3073   0.0004   1.9266   0.0000   1.1146   0.2530   1.4287   0.3383   0.0000 116.8877   1.4480       ML
       10   1.9854   0.4706   0.4288   0.6899   0.4309   0.0554  -0.1639   0.5777   0.4322   0.5018   0.0000 161.5004   7.3460       ML
      100   2.1561   0.8129   0.4957   0.8518   0.0000   0.4476   0.6196   0.3864   0.9651   0.6073   0.0000 175.4367  55.2990       ML
      101   1.5917   0.7730   0.6579   0.5926   0.0023   0.9617   0.7921   0.7565   0.8762   0.4823   0.0000 171.9986 138.0880       ML
      102   2.3805   1.6417   0.6864   0.0004   0.0014   0.1874   0.7780   0.7532   1.2665   0.8482   0.0000 112.2819   6.2900       ML
      103   1.8885   1.7392   0.6212   0.0023   0.3671   0.0001   0.8854   0.5088   1.6949   0.5317   0.0000  74.9856   2.7430       ML
      104   2.2843   1.1327   0.4335   0.6550   0.2921   0.1839   0.8666   0.5514   1.0943   0.5821   0.0000 156.5490  21.4480       ML
      105   1.8496   4.8211   0.6036   0.4021   1.6963   0.3732   2.1498   0.7529   3.3550   0.5418   0.0000  20.8186  25.2900       ML
       11   1.4871   1.3597   0.6432   0.0007   0.3969   0.2931   0.5198   0.4889   1.9737   0.5395   0.0000  66.8213  11.4090       ML
       12   0.9187   1.9162   0.4378   0.1906   1.0528   0.0973   0.8217   0.3760   2.8524   0.5140   0.0000 -63.9912   8.4410       ML
       13   1.9259   2.7102   0.4417   0.9999   0.2812   0.0000   1.8178   0.4909   2.0271   0.4429   0.0000  33.8207   8.2560       ML
       14   1.3764   2.6666   0.5839   0.4379   0.3444   0.2349   1.0223   0.6500   2.2139   0.6184   0.0000  13.8422  35.3890       ML
       15   2.3146   3.3142   0.5438   1.0000   1.2586   0.0000   1.9925   0.4946   4.5172   0.5489   0.0000  31.2643   6.0700       ML
       17   1.8117   6.0357   0.7404   0.8683   4.1185   0.4713   1.7997   0.7447   8.0461   0.6358   0.0000  40.4963  79.8210       ML
       18   1.0393   7.3504   0.8361   0.6682   0.5202   0.4594   1.5343   0.7957   3.8438   0.7152   0.0000 -19.7157 104.9500       ML
       19   1.2292   1.5966   0.5180   0.0001   0.0005   0.3164   1.7211   0.5627   1.7258   0.6001   0.0000  27.0814  11.4960       ML
        2   1.2295  -0.2318   0.2536   0.9859   0.5498   0.0128   0.6840   0.2712   0.1834   0.2541   0.0000  15.5500   1.8800       ML
       20   1.8085   1.7498   0.7703   0.2374   0.6827   0.6422   0.2515   0.7090  -0.0743   1.0594   0.0000 165.1411  23.7530       ML
       21   2.6302   2.2146   0.7792   0.8617   0.1656   0.1019   1.2591   0.9680   1.5722   0.7907   0.0000 106.1814  30.7020       ML
       22   1.7167   2.0063   0.5327   0.4968   1.8791   0.1902   2.1870   0.5668   3.3618   0.6234   0.0000  47.9722  11.9830       ML
       23   2.0388   0.1092   0.2990   0.7681   0.5354   0.0000   0.3511   0.4802   1.6550   0.7162   0.0000 153.4829   5.3480       ML
       24   1.8159   5.4529   0.5364   0.5203   2.3175   0.2124   1.6749   0.5841   3.1096   0.7137   0.0000  24.0082  21.6400       ML
       25   1.5399   0.7333   0.4883   0.7883   0.0672   0.2491   1.5980   0.5442   1.3872   0.5025   0.0000  81.9099  44.8710       ML
       26   1.6286   1.7332   0.7650   0.0001   0.0019   0.3686   0.8329   0.8863   1.0156   0.8177   0.0000 101.4953  10.0010       ML
       27   1.1157   1.6397   0.5386   0.0007   0.9806   0.2703   1.3464   0.5535   2.3959   0.5605   0.0000  14.9298   6.6440       ML
       28   2.0583   2.1509   0.3383   0.4530   0.4089   0.2495   0.9256   0.8543   1.5280   0.8949   0.0000 109.3618  23.6940       ML
       29   2.0339   3.3896   0.9636   0.0003   0.8443   1.0193   1.1634   1.3229   3.8531   1.1310   0.0000  92.9814  22.6900       ML
        3   2.4228   1.0083   0.9935   0.5418   0.0014   0.8049   0.7388   0.8387   1.6195   0.7500   0.0000 158.2186  63.0940       ML
       30   1.2311   2.4084   0.5735   0.0001   1.1879   0.2461   1.4510   0.5197   2.8536   0.5912   0.0000   5.4185   6.5680       ML
       31   1.1686   2.1470   0.4918   0.2922   0.0003   0.4069   0.3221   0.5567   1.6270   0.6927   0.0000  54.7616  16.8980       ML
       32   1.2952   3.2380   0.5717   0.1183   0.9832   0.3450   0.8460   0.4761   1.9291   0.6700   0.0000  25.4512   9.7020       ML
       33   1.8323   2.8157   1.3230   0.0003   1.5458   1.1260   1.0199   1.6125   0.1821   0.8739   0.0000 163.9545  27.7340       ML
       34   1.9207   1.8620   1.0211   0.0001   0.0002   0.6386   1.0703   1.2071   7.3805   1.1844   0.0000  56.5651  34.5760       ML
       35   2.7771   1.8437   0.6679   0.0006   0.6649   0.2078   1.6946   0.7269   1.9318   0.9069   0.0000  99.9933   4.6100       ML
       36   2.4501   1.3739   1.0338   0.0017   0.0001   0.0028   0.5581   1.0356   1.6114   0.7200   0.0000 127.6368   3.5340       ML
       38   1.5878   3.2916   0.8103   0.0002   2.5586   0.2667   1.7755   0.8576   3.7718   0.7176   0.0000  40.5376   7.7750       ML
       39   0.9564   3.2746   0.6030   0.1184   1.3615   0.3296   0.9865   0.5698   3.6848   0.6630   0.0000 -31.4802  13.4260       ML
       40   1.4143   0.8570   0.4245   0.0007   0.0000   0.2288   0.2114   0.3910   0.7807   0.4522   0.0000 113.4038  12.4090       ML
       41   2.5088   1.1212   0.9194   0.6329   0.0001   0.4293   0.5785   1.1454   0.6810   0.7346   0.0000 198.2086  48.2300       ML
       42   1.8117   0.4201   0.4921   0.5221   0.0004   0.4099   0.2888   0.4885   0.4913   0.5289   0.0000 176.3430  27.1050       ML
       44   1.4008   3.4907   0.6814   0.9955   2.2262   0.2962   2.9509   0.6365   2.1888   0.6635   0.0000  33.6804  76.0980       ML
       45   1.3520   3.2415   0.2982   0.0011   1.7829   0.0985   0.7293   0.2739   2.0733   0.2939   0.0000  13.1300   3.2420       ML
       46   1.3401   2.4289   0.4817   0.0003   1.3243   0.1867   1.6369   0.4824   2.7169   0.3766   0.0000   2.0209   5.6560       ML
       47   2.0712   2.2329   0.7843   0.6993   1.6508   0.6013   1.1498   0.9368   2.6193   0.6067   0.0000 135.5856 8091.3970       ML
       48   1.7817   4.2725   0.6954   0.0000   1.5147   0.2384   2.2955   0.8751   3.0650   0.6924   0.0000  -4.4487   8.6010       ML
       49   1.1584   0.1801   0.4005   0.0000   1.0009   0.0000   1.7070   0.3972   2.0322   0.3901   0.0000   3.8570   2.0240       ML
        5   2.0849   3.3886   0.7158   0.0004   0.8607   0.4670   0.9068   0.9973   1.9949   0.8295   0.0000  83.5627  11.3020       ML
       50   1.3088   0.8555   0.6111   0.7011   0.0009   0.3661   0.9119   0.6584   1.1118   0.7386   0.0000  95.5508  33.3270       ML
       51   2.0477   1.8261   0.6035   0.0000   0.2828   0.2200   0.6824   0.7981   1.9098   0.5541   0.0000  88.6757   7.6280       ML
       52   1.8510   1.6057   0.8879   0.0003   1.1275   0.5719   1.7951   0.8925   2.1343   0.8186   0.0000 108.9467  12.5830       ML
       53   2.1387   0.9892   0.3743   0.8073   0.0006   0.3018   0.2999   0.4599   0.8206   0.4902   0.0000 184.2979  42.6040       ML
       54   3.2515   3.1937   0.7207   0.7465   0.0010   0.1207   1.6219   0.6461   1.8774   0.6224   0.0000  94.9603  17.6890       ML
       55   1.8530   3.4304   0.8509   0.0001   0.2477   0.3495   1.2186   0.6975   3.4817   0.6926   0.0000   4.8819   6.9420       ML
       56   1.6266   1.6752   0.5353   0.5235   0.0000   0.3227   0.3882   0.4237   0.6103   0.3211   0.0000 118.4240  36.6040       ML
       57   1.5736   5.1049   0.6604   0.0001   1.6761   0.4251   0.8672   0.6389   2.4139   0.8037   0.0000  45.5136  24.7190       ML
       58   1.6382   2.1311   0.8077   0.6614   0.2632   0.3775   0.9881   1.0883   0.8251   0.8040   0.0000 102.3332  35.4090       ML
        6   1.8532   0.7702   0.4764   0.6672   0.0005   0.0000   0.6742   0.3219   0.7265   0.3815   0.0000 151.9172   4.1880       ML
       61   2.0659   1.6762   0.8208   0.4482   0.5758   0.0000   0.8719   0.6455   2.1024   0.7092   0.0000  95.3202   3.6580       ML
       62   1.6546   1.1929   0.5641   0.0015   0.5511   0.3416   0.8307   0.3659   1.7079   0.7109   0.0000 102.8415   7.8440       ML
       63   1.3381   1.6891   0.7358   0.6061   0.0001   0.1940   0.7772   0.8429   2.0749   0.8668   0.0000  35.3964  17.1480       ML
       64   1.8356   2.3309   1.1319   0.0001   2.1153   1.4524   1.4979   1.5783   1.5203   1.2341   0.0000 192.7954  31.4800       ML
       65   1.6613   1.6531   0.6899   0.2196   0.4994   0.2975  -0.0874   0.6274   1.1659   0.9310   0.0000 105.1345  24.6950       ML
       66   2.1198   2.4889   0.5805   0.0001   0.5432   0.3265   1.1752   0.5946   1.8148   0.4799   0.0000  74.9599   6.6490       ML
       67   1.3098   1.9189   0.4730   0.4883   0.9737   0.0515   0.1311   0.4371   0.2177   0.3983   0.0000  61.2519   6.3550       ML
       68   1.6089   0.8109   0.2736   0.7994   0.0002   0.0000   0.5300   0.3402   0.8896   0.2872   0.0000 116.5136   3.5130       ML
       69   1.5202   0.8379   0.4956   0.0002   0.4778   0.1645   0.6921   0.4495   2.0856   0.4757   0.0000  76.1011   7.1180       ML
        7   2.9592   1.2554   0.6803   0.3635   0.0000   0.0000   1.5712   0.7862   1.3049   0.8177   0.0000 117.1422   6.8750       ML
       70   2.2252   2.3057   0.5358   0.0008   1.4148   0.1912   1.5254   0.5579   1.4930   0.4874   0.0000 116.6354   4.7200       ML
       71   1.2993   3.5455   0.4079   0.5084   0.0001   0.1753   0.8815   0.4631   2.3693   0.4756   0.0000  -9.9466  14.8490       ML
       72   2.6627   1.5598   0.5445   0.9638   0.0102   0.0000   1.1513   0.3243   2.2489   0.5010   0.0000 122.4773   6.9960       ML
       74   2.0405   1.0067   0.9843   0.0006   0.6253   0.8858   0.4728   1.3095   0.9285   1.1609   0.0000 175.4182  16.2850       ML
       75   1.4565   1.7453   0.6442   0.3546   0.0000   0.1063   0.8896   0.5055   1.5682   0.5582   0.0000  42.9428  21.6880       ML
       76   1.3225   2.3278   0.3853   0.1138   0.4499   0.0000   0.4133   0.4515   1.1956   0.4880   0.0000  29.9865   4.0820       ML
       77   2.6371   2.3500   0.3901   0.0005   1.2984   0.0000   1.5608   0.3761   2.6099   0.3620   0.0000  98.6764   1.2740       ML
       78   2.0719   3.0042   0.5953   0.8927   0.8930   0.1000   0.8975   0.6415  -2.3204   0.6101   0.0000  80.2143  24.9920       ML
       79   1.7432   2.7877   0.7058   0.0004   0.8237   0.3852   1.5360   0.8247   2.8338   0.7888   0.0000  30.0578   8.7410       ML
        8   1.5812   2.2154   0.8149   0.0005   1.8002   0.2133   1.1371   0.7801   4.0967   0.4502   0.0000  28.0003   7.5400       ML
       81   2.5681   2.6273   0.7607   0.0003   1.2863   0.5728   1.5931   0.8308   3.1883   0.7017   0.0000 100.8661  15.1890       ML
       82   1.8785   1.4434   0.5422   0.6623   1.0198   0.1669   0.7762   0.5215   2.1212   0.4926   0.0000 111.1442  16.8130       ML
       83   1.4704   2.1542   0.5123   0.6409   0.6289   0.0000   0.3074   0.4572   1.3275   0.5072   0.0000  55.4679   4.8310       ML
       85   1.6546   1.7648   0.8948   0.0000   0.0035   0.1619   0.5116   0.5463   1.3424   0.6266   0.0000  92.5441  11.5910       ML
       86   2.2732   1.1556   0.8496   0.0000   0.3491   0.4451   0.9489   0.9253   0.9376   0.7820   0.0000 156.5833   8.3170       ML
       87   3.1927   1.4920   0.7813   0.6787   0.0001   0.2396   2.2865   0.7248   1.8624   0.7844   0.0000 107.8104  39.4470       ML
       88   2.2318   1.1218   1.0596   0.9262   0.0674   0.3485   0.3864   0.8127   1.2203   0.9352   0.0000 165.5944  40.7290       ML
       89   2.4902   3.3282   0.5453   0.0001   0.0007   0.5855   0.9420   0.5673   1.3630   0.4633   0.0000 101.1164  23.5980       ML
        9   2.8863   1.4066   0.5060   1.0000   0.8685   0.0000   1.5014   0.7897   2.2395   0.6291   0.0000 130.0327   9.0640       ML
       90   1.1249   2.1505   0.4070   0.6847   0.2281   0.1386   0.1724   0.3635   1.4451   0.5572   0.0000  17.3261  30.8090       ML
       91   1.6712   6.0755   0.7870   0.0001   2.6427   0.4758   3.5001   0.8570   5.7899   0.7695   0.0000   0.3266  11.1780       ML
       92   2.6499   1.7179   1.0881   0.0005   0.0002   0.7764   1.0787   1.3526   1.6042   0.7763   0.0000 107.5651  19.8450       ML
       93   1.8365   4.4434   0.7714   0.8042   1.9572   0.4168   3.3541   0.9001   4.3249   0.7477   0.0000  22.5722 111.0170       ML
       94   2.7270   2.7989   0.5834   0.0001   1.2880   0.2904   2.1441   0.6613   2.2330   0.5288   0.0000  89.4367   7.0070       ML
       95   1.4279   1.3305   0.5965   0.3815   1.1084   0.1694   1.0169   0.7903   2.1607   0.5146   0.0000  57.5133  24.4830       ML
       96   2.5880   1.2374   0.2618   0.0001   6.4005   0.0871  -0.5483   0.3192   1.6588   0.3071   0.0000 112.4043   4.2500       ML
       97   1.7158   2.9308   0.7391   0.0002   1.2585   0.5211   0.2946   0.7957   1.7448   0.7524   0.0000 104.9832  10.5970       ML
       98   1.9506   1.3633   0.8606   0.0003   0.0012   0.5834   0.8622   1.4887   0.4785   1.7790   0.0000 132.1640   9.5860       ML
       99   0.9073   2.3629   0.7712   0.0176   0.4046   0.5030   1.0967   0.8566   0.8260   0.7366   0.0000  44.5589  10.2510       ML
