  dataset        a v_pure_gain       t0      st0 v_pure_mixed v_pure_loss  penalty      fit     time   method
        1   1.7014   1.4193   0.2908   0.0712   0.6816   0.6162   0.0000 124.8447   0.1770       ML
       10   1.8914   0.3009   0.3566   0.0004  -0.0409   0.2327   0.0000 171.3206   0.1360       ML
      100   2.0329   0.5134   0.3052   0.4267   0.5363   0.6834   0.0000 182.6622   0.5710       ML
      101   1.2890   0.7704   0.7698   1.3122   0.8184   0.9785   0.0000 178.1760   2.2800       ML
      102   2.4114   1.8147   0.7542   0.3023   0.7889   1.1558   0.0000 115.6325   0.5850       ML
      103   1.8719   1.4634   0.5492   0.1162   0.9136   1.6700   0.0000  79.4882   0.3520       ML
      104   2.2058   1.0266   0.3980   0.2580   0.7116   0.8074   0.0000 160.0616   0.4530       ML
      105   1.6974   2.5387   0.5395   0.3500   0.9949   2.4839   0.0000  38.0219   0.6430       ML
       11   1.5030   1.1074   0.5370   0.3579   0.5724   1.8981   0.0000  73.6932   0.6210       ML
       12   0.8692   1.7249   0.4367   0.2636   0.7689   2.1336   0.0000 -28.1771   0.5240       ML
       13   1.5700   1.7876   0.3675   0.0004   1.1056   1.3455   0.0000  49.4512   0.1780       ML
       14   1.3831   2.5862   0.5806   0.2756   0.8481   1.9551   0.0000  20.3737   0.5020       ML
       15   1.6510   1.5135   0.4541   0.0950   1.0493   2.4006   0.0000  38.6495   0.3240       ML
       17   1.3557   1.4856   0.5897   0.4480   0.4884   3.1903   0.0000  47.9748   0.8970       ML
       18   1.0086   3.9174   0.7394   0.4858   1.1931   3.5618   0.0000  -9.4987   0.9050       ML
       19   1.2492   1.7684   0.5503   0.3099   1.6763   1.5625   0.0000  30.0163   0.5320       ML
        2   1.1078  -0.4214   0.1976   0.0001   0.5905   0.2884   0.0000  31.4359   0.0420       ML
       20   1.6649   1.6957   0.8775   0.9767   0.2005  -0.0818   0.0000 173.2864   1.6190       ML
       21   2.2851   1.5478   0.6566   0.0787   0.9079   1.1901   0.0000 114.7410   0.2640       ML
       22   1.4477   1.2582   0.5312   0.2028   1.0786   1.7151   0.0000  54.5296   0.4620       ML
       23   1.7325   0.1295   0.4894   0.7714   0.2337   1.0499   0.0000 178.9250   1.2060       ML
       24   1.5417   3.2805   0.5205   0.1989   0.6794   1.1911   0.0000  41.7028   0.4470       ML
       25   1.4268   0.5448   0.4475   0.3105   1.0199   1.1250   0.0000  89.6147   0.5150       ML
       26   1.6839   1.8939   0.7960   0.3500   0.7564   1.0097   0.0000 104.4326   0.6510       ML
       27   1.0795   1.4135   0.5461   0.2568   1.1160   2.0059   0.0000  15.6536   0.4880       ML
       28   1.8518   3.6767   0.7545   0.9864   0.6278   1.1895   0.0000 128.6855   2.2480       ML
       29   2.2573   3.4898   0.9950   1.0405   0.7656   2.8702   0.0000  99.4783   2.0510       ML
        3   2.3944   0.7843   0.7511   0.8254   0.6736   1.5943   0.0000 160.8247   1.3330       ML
       30   1.1481   1.8666   0.5615   0.2866   1.2552   2.1758   0.0000   9.1421   0.5000       ML
       31   1.2490   2.4549   0.5293   0.4218   0.3133   1.1470   0.0000  64.5755   0.7080       ML
       32   1.2882   2.5808   0.5237   0.4328   0.8445   1.2182   0.0000  35.5147   0.7940       ML
       33   1.7467   1.3442   1.0980   1.3921   0.4534   0.1192   0.0000 187.2000   1.9390       ML
       34   2.0280   2.1866   1.0876   0.6835   0.9790   5.0561   0.0000  62.6879   1.9270       ML
       35   2.5679   1.5802   0.7103   0.0003   1.3708   1.2821   0.0000 108.5745   0.1700       ML
       36   2.4574   1.3258   0.9844   0.7424   0.5464   2.2330   0.0000 140.7482   1.2130       ML
       38   1.3717   1.4202   0.7331   0.2730   0.6944   2.0350   0.0000  59.0584   0.4950       ML
       39   0.9378   2.7027   0.5944   0.3551   0.8839   2.4100   0.0000 -24.3433   0.5830       ML
       40   1.4324   0.8409   0.4102   0.2086   0.2231   0.7394   0.0000 114.8033   0.4220       ML
       41   1.3745   1.7907   1.5551   2.0695   0.7402   1.0697   0.0000 184.5756   4.1560       ML
       42   1.8020   0.3854   0.4376   0.3805   0.2906   0.4143   0.0000 176.7594   0.5920       ML
       44   1.0652   1.4820   0.6119   0.3309   1.5398   0.8829   0.0000  41.1287   0.5680       ML
       45   1.1913   1.9455   0.2838   0.0875   0.5735   1.3350   0.0000  16.6336   0.1970       ML
       46   1.2793   1.6585   0.4266   0.2459   1.2073   2.2374   0.0000  16.0717   0.4680       ML
       47   1.7764   1.0732   0.6565   0.7437   0.4675   1.6842   0.0000 146.5649   1.2990       ML
       48   1.7512   3.0057   0.6721   0.2222   1.1704   2.2242   0.0000  13.0922   0.4250       ML
       49   1.1060   0.0704   0.3962   0.0001   1.5193   1.7075   0.0000   4.9309   0.1330       ML
        5   2.2334   3.0474   0.7105   0.4496   0.6323   1.5098   0.0000  92.5453   0.7750       ML
       50   1.2968   0.8231   0.6053   0.4000   0.7597   0.8427   0.0000 100.8057   0.7280       ML
       51   2.0937   1.9523   0.6365   0.3964   0.5766   2.1941   0.0000  95.2718   0.7660       ML
       52   1.7602   1.0361   0.8013   0.4854   1.1954   1.5375   0.0000 111.3434   0.7850       ML
       53   1.9750   0.7468   0.3321   0.4723   0.2787   0.6390   0.0000 188.9092   0.6620       ML
       54   2.5107   2.2709   0.6694   0.5390   1.2557   1.4950   0.0000  99.3095   1.1160       ML
       55   1.8524   2.5389   0.7364   0.3902   1.2712   3.9477   0.0000  11.6254   0.8230       ML
       56   1.5226   1.4021   0.4285   0.5703   0.3024   0.6198   0.0000 132.0063   0.8920       ML
       57   1.5243   2.8901   0.6046   0.3206   0.5602   1.1818   0.0000  59.9805   0.5840       ML
       58   1.4257   2.6024   0.9532   0.7794   0.7448   0.9096   0.0000 114.1845   1.2620       ML
        6   1.7490   0.6306   0.3396   0.2397   0.6379   0.5944   0.0000 156.9882   0.4530       ML
       61   1.9493   1.2077   0.6869   0.2330   0.8014   1.7814   0.0000 104.7929   0.4820       ML
       62   1.6163   1.0369   0.5288   0.5861   0.9029   1.2080   0.0000 121.9787   0.9420       ML
       63   1.3356   1.8483   0.7648   0.2712   0.5609   1.5875   0.0000  44.5026   0.5540       ML
       64   1.9231   1.1395   0.9575   1.0384   0.4605   0.5211   0.0000 204.9141   1.5820       ML
       65   1.3603   2.1182   0.9019   0.7785  -0.0815   0.9762   0.0000 120.8321   1.4890       ML
       66   2.0422   2.0930   0.5459   0.3758   1.0088   1.7629   0.0000  78.6256   0.6930       ML
       67   1.2214   1.3584   0.4220   0.1417   0.2117   0.2381   0.0000  65.9400   0.3140       ML
       68   1.4957   0.5723   0.2244   0.0001   0.3622   0.6097   0.0000 124.8024   0.1440       ML
       69   1.4914   0.7449   0.4721   0.1595   0.6601   1.9396   0.0000  77.1300   0.3460       ML
        7   3.0004   1.2787   0.6801   0.0005   1.4124   1.1815   0.0000 119.2888   0.2770       ML
       70   1.8562   1.2436   0.5152   0.1726   0.8410   0.8797   0.0000 123.5694   0.3420       ML
       71   1.2975   3.7558   0.4219   0.2139   0.7635   1.9941   0.0000  -6.3413   0.5010       ML
       72   2.0296   1.0614   0.3877   0.4642   0.7945   1.4454   0.0000 136.6857   0.8340       ML
       74   2.0073   0.9316   1.0836   0.8103   0.3342   0.7494   0.0000 181.0267   1.1990       ML
       75   1.2950   1.5375   0.6239   0.3558   1.0977   1.6407   0.0000  51.5855   0.6450       ML
       76   1.3088   2.6929   0.4439   0.1787   0.3767   1.0402   0.0000  39.9092   0.3950       ML
       77   2.0899   1.3335   0.3781   0.0003   0.8444   1.5210   0.0000 105.5851   0.1070       ML
       78   1.7364   1.9019   0.5035   0.0003   0.4694  -1.3643   0.0000  84.1781   0.1320       ML
       79   1.7807   2.6436   0.7211   0.3421   1.1582   2.2156   0.0000  34.8546   0.6460       ML
        8   1.5918   0.9958   0.5927   0.5075   0.6359   4.6863   0.0000  70.8379   1.0630       ML
       81   2.2037   1.4847   0.6661   0.4621   0.7763   2.0633   0.0000 107.0128   0.7480       ML
       82   1.6958   0.8940   0.4416   0.1334   0.4505   1.4528   0.0000 112.4173   0.2780       ML
       83   1.3774   1.6187   0.4527   0.0799   0.2959   0.9986   0.0000  60.7265   0.2420       ML
       85   1.2094   1.8184   0.9417   0.8918   0.7655   1.9527   0.0000 103.8531   1.6660       ML
       86   2.2338   1.0655   0.8387   0.4387   0.8231   0.9141   0.0000 158.2149   0.6470       ML
       87   2.9148   1.2210   0.6289   0.2898   1.8242   1.4382   0.0000 109.4510   0.5370       ML
       88   2.1211   0.6704   0.6602   0.1903   0.3315   0.9190   0.0000 178.9879   0.3680       ML
       89   2.4922   3.1449   0.5212   0.5760   0.9065   1.4404   0.0000 101.8219   0.9760       ML
        9   2.1142   0.9552   0.5625   0.6997   0.7347   1.3700   0.0000 147.7983   1.1190       ML
       90   1.1259   1.8716   0.3868   0.2486   0.1922   0.9004   0.0000  46.4718   0.4590       ML
       91   1.4595   3.1681   0.7369   0.4341   1.2880   3.2460   0.0000   5.8944   0.7760       ML
       92   3.3869   1.5998   0.7881   0.7872   0.9225   2.0104   0.0000 116.6488   1.3800       ML
       93   1.5068   2.3156   0.7124   0.4484   1.4126   2.2359   0.0000  31.6135   0.7540       ML
       94   2.2106   1.6025   0.5427   0.2428   1.0338   1.3672   0.0000  99.9026   0.4350       ML
       95   1.4183   1.0855   0.5721   0.2817   0.5747   2.0619   0.0000  81.4698   0.5250       ML
       96   1.4449   0.2782   0.2609   0.0609  -0.0004   0.3146   0.0000 132.6710   0.1730       ML
       97   1.5895   2.1865   0.7326   0.4957   0.2256   1.1050   0.0000 107.7462   0.8800       ML
       98   1.9311   2.4057   1.4353   1.6534   0.9299   0.3734   0.0000 160.0153   2.4860       ML
       99   1.2652   1.8630   0.6388   0.3119   0.5915   0.6044   0.0000  56.7968   1.3500       ML
