  dataset a_pure_gain v_pure_gain       t0 a_pure_mixed v_pure_mixed a_pure_loss v_pure_loss  penalty      fit     time   method
        1   1.5703   1.2993   0.2874   1.6185   0.6450   1.9204   0.6922   0.0000 121.8503   0.0110       ML
       10   1.6031   0.2643   0.3807   2.1994  -0.0485   1.8086   0.2298   0.0000 164.3420   0.0080       ML
      100   2.0803   0.4705   0.2163   1.9058   0.4655   2.6235   0.8105   0.0000 177.5581   0.0090       ML
      101   2.0481   0.4998   0.2153   2.4472   0.6154   1.6737   0.5560   0.0000 187.0615   0.0090       ML
      102   2.2952   1.6320   0.7082   2.4843   0.7811   2.6866   1.2180   0.0000 114.7423   0.0080       ML
      103   2.5034   1.8912   0.5286   1.7260   0.8146   1.8448   1.5856   0.0000  74.1630   0.0110       ML
      104   2.2376   0.9834   0.3392   2.3919   0.7290   2.3043   0.7887   0.0000 161.3862   0.0090       ML
      105   2.2820   2.5894   0.4317   2.3001   1.1286   1.5253   1.6878   0.0000  37.9207   0.0110       ML
       11   1.9984   1.1546   0.4184   1.6000   0.5346   2.0931   2.0353   0.0000  69.6894   0.0200       ML
       12   1.2759   1.3470   0.3123   1.0218   0.5209   2.3504   3.1289   0.0000 -15.3566   0.0120       ML
       13   1.8026   2.0592   0.3691   1.6453   1.1608   1.3872   1.1924   0.0000  45.7407   0.0110       ML
       14   1.6100   2.3984   0.5003   1.6475   0.8832   1.9571   2.3334   0.0000  28.7750   0.0180       ML
       15   1.7168   1.5112   0.4354   1.6484   1.0152   1.8453   2.5335   0.0000  38.6803   0.0100       ML
       17   1.9736   1.3971   0.3878   1.7316   0.4050   1.8649   2.3463   0.0000  62.5069   0.0110       ML
       18   2.9319   4.0572   0.5047   1.6708   0.9532   1.3661   1.7921   0.0000  -1.2956   0.0150       ML
       19   1.3146   1.3435   0.4406   1.4325   1.3371   1.9656   1.8774   0.0000  28.4177   0.0100       ML
        2   1.1077  -0.4242   0.1999   1.1764   0.6315   0.9956   0.2616   0.0000  30.1799   0.0060       ML
       20   2.4390   1.2107   0.4119   2.2685   0.1704   2.3921  -0.0640   0.0000 200.1285   0.0110       ML
       21   2.9041   1.9052   0.6328   2.4412   0.9462   2.1113   1.0686   0.0000 111.2391   0.0110       ML
       22   1.4194   1.0042   0.4538   1.7996   1.1718   1.8937   1.8106   0.0000  59.6757   0.0100       ML
       23   1.6529   0.0963   0.2466   2.0748   0.2074   3.5693   1.5239   0.0000 167.0205   0.0110       ML
       24   1.3425   2.4418   0.4741   1.5599   0.6257   2.1565   1.5139   0.0000  38.4311   0.0110       ML
       25   1.6932   0.5241   0.3223   1.5914   0.8354   1.7680   1.0941   0.0000  99.6461   0.0090       ML
       26   1.6672   1.5862   0.7087   2.0154   0.7958   1.7733   0.9141   0.0000 103.2958   0.0110       ML
       27   1.2690   1.2217   0.4516   1.2742   0.9540   1.4340   1.8772   0.0000  20.0564   0.0110       ML
       28   1.7173   1.7373   0.3658   2.4934   0.5373   3.4101   1.2910   0.0000 128.4352   0.0110       ML
       29   2.5419   1.7476   0.5283   3.1103   0.6997   4.0617   2.3551   0.0000 108.2749   0.0110       ML
        3   3.2087   0.8329   0.4534   2.5851   0.5619   2.8794   1.3938   0.0000 165.0015   0.0110       ML
       30   1.6028   1.7287   0.4389   1.3518   1.0554   1.6707   1.9915   0.0000  20.5376   0.0090       ML
       31   1.4293   1.5320   0.3410   1.6520   0.2770   1.9383   1.1156   0.0000  85.0766   0.0110       ML
       32   2.2488   2.2589   0.3127   1.5775   0.5986   2.1989   1.2825   0.0000  70.3723   0.0110       ML
       33   3.5711   1.3169   0.5236   2.9697   0.4340   1.8546   0.0697   0.0000 188.1401   0.0090       ML
       34   2.7386   1.6839   0.7374   2.7899   0.9153   4.1870   3.8970   0.0000  69.3590   0.0120       ML
       35   2.0399   1.2959   0.7326   2.5106   1.3744   3.6279   1.8526   0.0000  98.0959   0.0110       ML
       36   3.3706   1.4356   0.7741   2.8620   0.5391   2.2223   1.5744   0.0000 138.9389   0.0130       ML
       38   1.5902   1.3545   0.6670   1.7065   0.7468   1.2347   1.5719   0.0000  57.0498   0.0100       ML
       39   1.6294   2.0269   0.4196   1.2542   0.5901   2.1381   2.6015   0.0000   6.0792   0.0120       ML
       40   1.5023   0.7937   0.3623   1.3375   0.1872   1.7456   0.8316   0.0000 111.3164   0.0100       ML
       41   3.2354   1.0391   0.5264   3.0557   0.4610   2.3828   0.5085   0.0000 209.3985   0.0120       ML
       42   1.8788   0.3309   0.3001   2.0593   0.2873   2.0758   0.4056   0.0000 183.3032   0.0090       ML
       44   1.4632   1.3515   0.4848   1.1992   1.0916   1.3914   0.7869   0.0000  48.9576   0.0100       ML
       45   1.3219   1.9579   0.2581   1.2156   0.5431   1.3012   1.3414   0.0000  19.3174   0.0120       ML
       46   1.8130   1.8051   0.3403   1.5221   1.0998   1.3436   1.8640   0.0000  21.1135   0.0110       ML
       47   2.1454   0.9085   0.4131   2.4657   0.4871   1.7618   1.1764   0.0000 148.1629   0.0100       ML
       48   2.0036   2.7854   0.5988   2.1808   1.2733   1.8730   1.9957   0.0000  17.1638   0.0120       ML
       49   1.1498   0.0736   0.3974   1.0652   1.4718   1.0753   1.6674   0.0000   4.4373   0.0120       ML
        5   2.4732   2.3250   0.5337   2.6781   0.6423   2.8558   1.5225   0.0000 101.2501   0.0090       ML
       50   1.3776   0.6088   0.4536   1.5595   0.6380   1.8724   0.9034   0.0000 108.6834   0.0100       ML
       51   2.5328   1.9440   0.5225   2.4856   0.6098   1.9898   1.7065   0.0000  95.1767   0.0100       ML
       52   2.1739   1.0134   0.6354   2.1747   1.1436   1.8825   1.2339   0.0000 116.9702   0.0110       ML
       53   1.9700   0.6596   0.2156   2.2452   0.2848   2.1451   0.6021   0.0000 189.2823   0.0090       ML
       54   3.1117   2.1244   0.4959   3.0923   1.3040   2.7122   1.3391   0.0000 100.5081   0.0110       ML
       55   4.7528   4.0377   0.5317   2.2087   1.1246   2.8660   3.3150   0.0000   9.3998   0.0140       ML
       56   2.6398   1.5658   0.2004   1.8023   0.2499   1.7358   0.5138   0.0000 138.1337   0.0110       ML
       57   1.5932   2.4031   0.5196   1.4689   0.4594   2.2313   1.4563   0.0000  52.1112   0.0100       ML
       58   1.8893   1.6391   0.6333   2.3761   0.7576   1.6563   0.6076   0.0000 116.8456   0.0110       ML
        6   1.9647   0.6592   0.2879   1.6205   0.5447   1.9399   0.6192   0.0000 155.8390   0.0090       ML
       61   2.6846   1.5684   0.6486   1.7732   0.6977   2.0004   1.7026   0.0000  97.8915   0.0120       ML
       62   2.1366   0.9323   0.2997   1.6798   0.6759   3.0190   1.5295   0.0000 126.7275   0.0100       ML
       63   1.4437   1.5266   0.6606   1.4846   0.4762   2.3060   2.1039   0.0000  47.9621   0.0090       ML
       64   2.0429   0.7919   0.5852   2.7778   0.4705   2.2645   0.4292   0.0000 206.9220   0.0090       ML
       65   1.8552   1.4849   0.5997   1.5313  -0.0573   2.3408   0.9662   0.0000 116.4873   0.0110       ML
       66   2.9774   2.3599   0.4094   2.3835   0.9912   2.2180   1.5624   0.0000  80.4657   0.0100       ML
       67   1.5235   1.5289   0.3867   1.2897   0.2034   1.1767   0.2084   0.0000  64.1047   0.0100       ML
       68   1.3884   0.5363   0.2282   1.5870   0.3874   1.4910   0.6132   0.0000 123.3716   0.0110       ML
       69   1.7291   0.8000   0.4278   1.4371   0.5782   1.6785   1.9352   0.0000  77.2691   0.0100       ML
        7   2.6832   1.1542   0.6901   2.9206   1.3894   3.4765   1.3798   0.0000 117.2690   0.0090       ML
       70   2.1047   1.3253   0.4721   1.8789   0.7953   1.9029   0.8542   0.0000 124.0849   0.0100       ML
       71   1.2977   2.5766   0.3445   1.4988   0.7341   1.8862   2.2653   0.0000  -0.3280   0.0100       ML
       72   2.2477   0.9526   0.2272   2.1683   0.7232   3.0386   1.7260   0.0000 138.2355   0.0090       ML
       74   2.0683   0.7105   0.8012   2.6987   0.3556   2.3951   0.6595   0.0000 183.3242   0.0080       ML
       75   2.0989   1.8210   0.5071   1.2139   0.7346   1.7209   1.6854   0.0000  41.7217   0.0110       ML
       76   1.1873   2.1416   0.4033   1.4651   0.3833   1.4957   1.0573   0.0000  39.9231   0.0140       ML
       77   2.1482   1.3676   0.3765   2.0543   0.8282   2.0934   1.5200   0.0000 105.4809   0.0100       ML
       78   1.6864   1.8720   0.5092   1.8383   0.5013   1.5889  -1.2637   0.0000  82.8808   0.0110       ML
       79   1.9168   2.0895   0.5930   2.1459   1.1309   2.7136   2.5389   0.0000  37.9246   0.0100       ML
        8   2.4525   1.1154   0.4066   1.9596   0.5464   1.3453   2.3689   0.0000  73.6142   0.0110       ML
       81   2.5007   1.3902   0.5307   2.5997   0.8060   2.2699   1.7122   0.0000 110.5991   0.0100       ML
       82   1.9685   0.9972   0.4134   1.6027   0.4053   1.7483   1.4208   0.0000 110.5463   0.0100       ML
       83   1.7929   2.0311   0.4386   1.2562   0.2613   1.4135   0.9894   0.0000  54.6088   0.0100       ML
       85   2.4295   1.2645   0.5261   1.7590   0.5296   2.0194   1.3705   0.0000 119.9432   0.0110       ML
       86   2.3693   0.9900   0.7222   2.6398   0.8700   2.2958   0.8403   0.0000 159.7790   0.0080       ML
       87   3.2880   1.3241   0.5817   2.7432   1.6202   3.0316   1.4255   0.0000 108.7539   0.0100       ML
       88   2.5153   0.7705   0.6284   1.8471   0.2793   2.4535   1.0272   0.0000 172.9536   0.0090       ML
       89   2.6685   2.3184   0.3400   2.9380   0.9161   2.8081   1.3480   0.0000 104.1501   0.0130       ML
        9   1.8329   0.7054   0.3899   2.8729   0.8335   3.0134   1.5766   0.0000 134.8807   0.0080       ML
       90   1.2279   1.4094   0.2955   1.1336   0.1461   1.8311   1.1554   0.0000  45.1717   0.0110       ML
       91   2.4099   2.7941   0.5452   2.0001   1.2003   1.8574   2.3246   0.0000  13.4974   0.0110       ML
       92   5.2345   1.7701   0.4053   4.8376   1.0528   4.3128   1.7643   0.0000 125.9882   0.0140       ML
       93   2.0910   2.0296   0.5314   2.2562   1.4165   1.7552   1.6704   0.0000  45.7836   0.0100       ML
       94   2.4619   1.6242   0.4769   2.5186   1.0912   2.2095   1.2574   0.0000 101.3637   0.0100       ML
       95   1.4389   0.9389   0.5103   1.9085   0.6879   1.2300   1.5578   0.0000  71.5619   0.0130       ML
       96   1.3701   0.2613   0.2552   1.6143   0.0001   1.3856   0.2975   0.0000 130.1489   0.0110       ML
       97   1.7300   1.6912   0.5777   1.8315   0.2042   1.9081   1.0337   0.0000 110.1864   0.0110       ML
       98   2.6025   1.3976   0.6568   3.5642   0.7864   3.0523   0.2826   0.0000 175.5379   0.0110       ML
       99   1.8158   1.4923   0.4545   1.7465   0.6153   1.5128   0.5981   0.0000  94.7047   0.0110       ML
