  dataset a_pure_gain v_pure_gain       t0      st0 a_pure_mixed v_pure_mixed a_pure_loss v_pure_loss  penalty      fit     time   method
        1   1.5130   1.2969   0.3025   0.0829   1.6015   0.6538   1.8826   0.6912   0.0000 121.4029   0.2680       ML
       10   1.6031   0.2637   0.3807   0.0002   2.1994  -0.0474   1.8092   0.2300   0.0000 164.3421   0.2120       ML
      100   1.9571   0.4979   0.3103   0.3958   1.8097   0.4848   2.4348   0.8144   0.0000 177.7838   0.7700       ML
      101   1.2977   0.7659   0.7730   1.2393   1.6005   0.8524   0.9399   1.0098   0.0000 169.5972   3.9760       ML
      102   2.2944   1.6320   0.7083   0.0000   2.4836   0.7804   2.6865   1.2188   0.0000 114.7423   0.4100       ML
      103   2.4316   1.8708   0.5405   0.0722   1.7132   0.8250   1.7893   1.5730   0.0000  74.0271   0.4050       ML
      104   2.1674   1.0105   0.3991   0.2542   2.2635   0.7308   2.1757   0.7972   0.0000 159.9424   0.6400       ML
      105   1.5424   2.5033   0.5679   0.3405   1.9768   1.1991   1.2375   2.0700   0.0000  31.2089   0.9540       ML
       11   1.7383   1.2622   0.5382   0.3493   1.2432   0.4931   1.7343   2.1526   0.0000  66.7002   0.8910       ML
       12   0.8912   1.6042   0.4197   0.2204   0.7414   0.6647   1.4786   2.9699   0.0000 -42.4176   0.8440       ML
       13   1.8022   2.0587   0.3692   0.0000   1.6450   1.1608   1.3865   1.1931   0.0000  45.7408   0.1820       ML
       14   1.3504   2.5790   0.5863   0.2809   1.4264   0.8824   1.2912   1.8762   0.0000  19.9634   0.8540       ML
       15   1.6593   1.5060   0.4495   0.0831   1.6408   1.0352   1.7352   2.4860   0.0000  38.5565   0.3500       ML
       17   1.3959   1.5327   0.5948   0.4547   1.3180   0.4838   1.3137   3.1694   0.0000  47.8125   1.6340       ML
       18   2.4134   8.0399   0.7583   0.4920   1.0656   1.2841   0.6357   3.7050   0.0000 -19.2177   1.7290       ML
       19   1.0503   1.6278   0.5652   0.3294   1.0741   1.5785   1.6187   2.0300   0.0000  21.2935   0.9210       ML
        2   1.1077  -0.4241   0.2000   0.0000   1.1763   0.6320   0.9956   0.2617   0.0000  30.1799   0.0580       ML
       20   1.3629   1.5980   0.8979   1.0162   1.7564   0.2122   1.6320  -0.0833   0.0000 171.1087   2.7460       ML
       21   2.9249   1.9660   0.6517   0.1431   2.3917   0.9461   2.0514   1.0623   0.0000 110.7434   0.4520       ML
       22   1.2185   1.1054   0.5402   0.2113   1.5838   1.1923   1.5087   1.8252   0.0000  50.2898   0.6210       ML
       23   1.4785   0.1100   0.4378   0.5781   1.7872   0.2246   2.7852   1.4725   0.0000 165.3494   1.5360       ML
       24   1.1611   2.6728   0.5324   0.1672   1.4139   0.6409   1.9448   1.5222   0.0000  33.5791   0.5160       ML
       25   1.4622   0.6271   0.5086   0.4460   1.1317   1.0081   1.3871   1.2210   0.0000  87.0320   1.1470       ML
       26   1.5179   1.7750   0.8089   0.3504   1.8456   0.8385   1.5593   0.9630   0.0000 102.2855   0.8690       ML
       27   1.0620   1.3549   0.5367   0.2414   1.0574   1.0642   1.2293   2.1596   0.0000  14.4980   0.5680       ML
       28   1.5203   1.8452   0.4570   0.2923   2.3497   0.5528   3.1365   1.2940   0.0000 127.0396   0.8370       ML
       29   1.5477   2.8402   1.0289   1.0180   2.2867   0.7942   2.6434   3.4755   0.0000  97.1158   3.3440       ML
        3   2.7250   0.8945   0.7673   0.8694   2.0959   0.6114   2.4220   1.6379   0.0000 158.2445   2.1030       ML
       30   1.1708   1.8801   0.5589   0.2803   1.1236   1.2248   1.1933   2.2170   0.0000   8.9830   0.7180       ML
       31   0.8832   2.1664   0.5434   0.4205   1.2936   0.3303   1.3811   1.2721   0.0000  57.1317   1.0560       ML
       32   1.1779   2.5028   0.5373   0.3853   1.1369   0.8826   1.5078   1.4131   0.0000  21.6105   2.6930       ML
       33   1.9014   1.6116   1.2498   1.4782   1.9875   0.5498   0.9478   0.1392   0.0000 170.2599   4.4100       ML
       34   1.8772   1.9267   1.0530   0.6423   2.1726   0.9981   5.7598  10.8645   0.0000  59.0025   2.6310       ML
       35   2.0395   1.2966   0.7327   0.0000   2.5077   1.3735   3.6287   1.8538   0.0000  98.0960   0.1610       ML
       36   3.0144   1.4013   0.8606   0.3033   2.7311   0.5469   2.0372   1.6272   0.0000 137.4041   0.7980       ML
       38   1.3393   1.4268   0.7441   0.2534   1.5264   0.7793   1.1312   1.7884   0.0000  54.7178   0.6990       ML
       39   0.9400   2.6527   0.5907   0.3429   0.8301   0.8294   1.2233   2.8071   0.0000 -28.8540   0.9790       ML
       40   1.3573   0.8225   0.4228   0.2256   1.2424   0.2018   1.6470   0.8621   0.0000 109.2818   0.6080       ML
       41   1.4644   1.8572   1.5962   2.0551   1.6202   0.7514   0.8341   1.4364   0.0000 178.0008   6.4690       ML
       42   1.6040   0.3517   0.4440   0.3956   1.8751   0.3038   1.8711   0.4323   0.0000 174.8809   0.8580       ML
       44   1.1156   1.5531   0.6173   0.3316   0.8719   1.4014   1.1511   0.9482   0.0000  36.8507   0.9890       ML
       45   1.2073   1.9639   0.2829   0.0849   1.1732   0.5637   1.2080   1.3492   0.0000  16.5644   0.2850       ML
       46   1.5084   1.8490   0.4146   0.2026   1.2942   1.1701   1.1695   2.0187   0.0000  13.7735   0.6420       ML
       47   1.6557   1.0432   0.6762   0.7001   2.0234   0.5285   1.4460   1.5027   0.0000 141.7296   1.6100       ML
       48   1.4457   2.6861   0.6919   0.2279   1.9094   1.3191   1.5742   2.1134   0.0000  10.8950   0.6820       ML
       49   1.1498   0.0737   0.3974   0.0001   1.0652   1.4717   1.0753   1.6670   0.0000   4.4373   0.1280       ML
        5   1.5762   2.5587   0.7605   0.4676   2.2871   0.6777   2.1120   1.5346   0.0000  89.9966   1.1410       ML
       50   1.0989   0.7649   0.6222   0.4104   1.1996   0.7439   1.5203   0.9927   0.0000  94.8499   1.0040       ML
       51   2.1476   2.0560   0.6544   0.3728   2.2420   0.6256   1.6226   1.8207   0.0000  91.3283   1.0660       ML
       52   1.8021   1.0803   0.8178   0.5048   1.7868   1.2411   1.5869   1.4522   0.0000 110.5533   1.5070       ML
       53   1.8566   0.7152   0.3432   0.4813   2.1030   0.2981   1.9054   0.6267   0.0000 187.8652   0.9910       ML
       54   2.1601   2.0924   0.6983   0.5755   2.6696   1.3685   2.3688   1.4638   0.0000  98.4425   1.6400       ML
       55   3.5364   4.1079   0.6910   0.3282   1.8473   1.1823   1.8146   3.3677   0.0000   5.4261   1.4980       ML
       56   2.0283   1.6071   0.3759   0.4500   1.5289   0.2812   1.4871   0.5687   0.0000 128.2268   1.1180       ML
       57   1.4212   2.6090   0.5877   0.2485   1.3586   0.4886   2.0183   1.4853   0.0000  52.7496   0.6650       ML
       58   1.1568   2.6606   1.0015   0.8007   1.6832   0.8809   1.0754   0.8855   0.0000 105.4569   3.2990       ML
        6   1.8303   0.6629   0.3447   0.2307   1.5515   0.5737   1.8425   0.6294   0.0000 154.4821   0.5570       ML
       61   2.6840   1.5676   0.6485   0.0002   1.7734   0.6972   2.0009   1.7034   0.0000  97.8915   0.2680       ML
       62   1.6483   1.0136   0.5045   0.4954   1.4144   0.7884   2.2404   1.5260   0.0000 114.3964   1.2510       ML
       63   1.2247   1.7091   0.7627   0.2587   1.2306   0.5197   1.8275   2.1028   0.0000  37.8777   0.7870       ML
       64   1.2693   1.2131   1.1798   1.3580   1.9909   0.5769   1.6373   0.5868   0.0000 197.7284   3.3930       ML
       65   1.6669   1.6680   0.7233   0.3818   1.3177  -0.0621   2.0609   1.0092   0.0000 112.2049   1.0970       ML
       66   2.4198   2.3125   0.5158   0.3098   2.1363   1.0126   1.9457   1.6118   0.0000  77.6429   0.8720       ML
       67   1.4295   1.5569   0.4170   0.1227   1.2067   0.2064   1.1315   0.2184   0.0000  62.5613   0.4210       ML
       68   1.3888   0.5358   0.2282   0.0002   1.5871   0.3870   1.4909   0.6126   0.0000 123.3716   0.2150       ML
       69   1.6309   0.8137   0.4732   0.1583   1.3353   0.5959   1.5311   1.9937   0.0000  74.3090   0.4260       ML
        7   2.6835   1.1543   0.6901   0.0004   2.9201   1.3893   3.4770   1.3799   0.0000 117.2690   0.1590       ML
       70   2.0016   1.3312   0.5110   0.1687   1.7834   0.8036   1.8368   0.8662   0.0000 122.8034   0.4260       ML
       71   0.9516   3.2005   0.4384   0.2199   1.2766   0.7810   1.4360   2.2947   0.0000 -10.5485   0.6520       ML
       72   1.8825   0.9754   0.3723   0.4475   2.0445   0.7873   2.5029   1.7175   0.0000 134.2149   0.9900       ML
       74   1.6970   0.8151   1.0752   0.7145   2.3768   0.3845   1.9853   0.7335   0.0000 175.6447   1.3940       ML
       75   1.5750   1.9621   0.6549   0.3875   0.9105   0.9810   1.3896   1.8510   0.0000  38.9014   1.0040       ML
       76   1.0892   2.3568   0.4515   0.1624   1.3586   0.3964   1.3401   1.0813   0.0000  37.5321   0.5210       ML
       77   2.1482   1.3677   0.3765   0.0002   2.0541   0.8283   2.0929   1.5197   0.0000 105.4809   0.1780       ML
       78   1.6858   1.8714   0.5093   0.0008   1.8376   0.5009   1.5888  -1.2642   0.0000  82.8808   0.1680       ML
       79   1.4627   2.2830   0.7290   0.3329   1.8327   1.2039   1.9817   2.4764   0.0000  32.5137   0.8420       ML
        8   1.8724   1.1747   0.6165   0.4474   1.5352   0.6366   0.8479   3.6638   0.0000  58.3191   1.1430       ML
       81   1.9812   1.3927   0.6885   0.4772   2.3223   0.8332   2.0392   1.9959   0.0000 106.0396   1.2210       ML
       82   1.8980   1.0053   0.4458   0.1471   1.5278   0.4099   1.6815   1.4518   0.0000 109.3670   0.3890       ML
       83   1.7658   2.0229   0.4434   0.0406   1.2492   0.2625   1.3973   0.9897   0.0000  54.5867   0.2090       ML
       85   1.0779   1.8696   0.9510   0.9101   1.2209   0.7825   1.2147   1.9976   0.0000 103.4892   1.8980       ML
       86   2.2149   1.0532   0.8362   0.4173   2.4190   0.8852   2.1075   0.8641   0.0000 157.3211   0.9890       ML
       87   3.1179   1.3158   0.6395   0.2793   2.6029   1.6562   2.8378   1.4155   0.0000 108.6169   0.7620       ML
       88   2.4223   0.7753   0.6748   0.1797   1.7752   0.2838   2.3369   1.0265   0.0000 171.5355   0.5680       ML
       89   2.6679   3.2894   0.5134   0.5738   2.5815   0.9308   2.3935   1.3784   0.0000 101.5779   1.8150       ML
        9   1.8328   0.7051   0.3900   0.0002   2.8740   0.8334   3.0139   1.5772   0.0000 134.8807   0.1330       ML
       90   0.8981   1.6550   0.3958   0.2317   0.9362   0.1715   1.5372   1.2184   0.0000  28.7263   0.5560       ML
       91   1.6385   3.3708   0.7290   0.4118   1.5365   1.3198   1.2557   2.8250   0.0000   4.5864   1.2930       ML
       92   3.1800   1.6690   0.8971   0.6164   3.5635   1.0299   2.7171   1.7977   0.0000 104.3773   4.8960       ML
       93   1.4845   2.2997   0.7148   0.4341   1.6505   1.5251   1.3482   2.0640   0.0000  30.3442   1.1250       ML
       94   2.1777   1.5870   0.5461   0.2330   2.3261   1.0907   2.0872   1.2991   0.0000  99.4292   0.5940       ML
       95   1.2303   1.0126   0.5948   0.2595   1.7307   0.7181   1.0884   1.7714   0.0000  70.1391   0.8080       ML
       96   1.3510   0.2630   0.2658   0.0598   1.5885  -0.0002   1.3572   0.2991   0.0000 129.7572   0.2320       ML
       97   1.4296   2.0492   0.7402   0.4933   1.6017   0.2295   1.6203   1.1346   0.0000 107.1537   1.4230       ML
       98   1.5843   1.9595   1.3206   1.3610   2.3474   0.9194   2.1543   0.3534   0.0000 157.1012   3.2330       ML
       99   0.8821   2.2427   0.7721   0.6337   1.0318   0.8987   0.8882   0.9801   0.0000  55.1522   1.7080       ML
