  dataset        a v_pure_gain       t0      szr       sv      st0 v_pure_mixed v_pure_loss  penalty      fit     time   method
        1   2.0916   2.6858   0.3020   0.2130   1.7917   0.0950   1.2290   1.2607   0.0000 120.3706   3.2660       ML
       10   1.9507   0.3884   0.4284   0.5999   0.0001   0.0025  -0.0487   0.2618   0.0000 170.4295   2.6190       ML
      100   2.2209   0.9102   0.5436   0.9598   0.0000   0.4782   0.6418   0.9216   0.0000 175.1633  46.0710       ML
      101   2.3944   0.8704   0.3294   0.8857   0.5374   0.0426   0.8259   1.2426   0.0000 187.5985   9.7460       ML
      102   2.5348   1.7622   0.6923   0.0001   0.0005   0.0013   0.7864   1.1304   0.0000 115.4863   3.6890       ML
      103   1.8945   1.5306   0.5556   0.1910   0.2527   0.1127   0.9513   1.7390   0.0000  79.4475   4.3910       ML
      104   2.2227   1.0806   0.4521   0.4188   0.0009   0.2770   0.7497   0.8853   0.0000 160.0582  17.0860       ML
      105   1.9223   3.9706   0.5613   0.0002   1.2268   0.3828   1.3703   3.3536   0.0000  33.7476   5.7030       ML
       11   1.5197   1.1562   0.5434   0.1998   0.3302   0.3594   0.6075   2.0034   0.0000  73.6290  10.6600       ML
       12   0.8811   1.8323   0.4395   0.2365   0.6142   0.2641   0.8243   2.2735   0.0000 -28.2245  10.1600       ML
       13   1.8195   2.4779   0.4343   0.8352   0.0005   0.0000   1.5716   1.8454   0.0000  42.9641   4.2300       ML
       14   1.4095   2.7515   0.5941   0.3995   0.0004   0.2733   0.9018   2.1174   0.0000  20.1346  14.4310       ML
       15   1.7320   1.8147   0.4990   0.6063   0.0005   0.0973   1.2119   2.8465   0.0000  37.1622   9.6040       ML
       17   1.4996   2.6596   0.6256   0.0001   1.7314   0.5054   0.8227   4.8363   0.0000  44.5355   7.6950       ML
       18   1.2739   6.1431   0.7649   1.0000   0.9964   0.4646   1.8646   7.0393   0.0000 -14.6736 143.1110       ML
       19   1.3843   2.2222   0.5557   0.7165   0.6130   0.1658   2.0868   1.9586   0.0000  29.5557   7.3740       ML
        2   1.2331  -0.2149   0.2537   1.0000   0.0004   0.0000   0.6644   0.2130   0.0000  17.7998   2.7900       ML
       20   1.8698   1.7546   0.7886   0.0000   0.4770   0.6212   0.3080  -0.0648   0.0000 165.1323  13.7790       ML
       21   2.5054   2.0323   0.7573   0.6906   0.0000   0.1098   1.0999   1.4361   0.0000 112.3371   8.7710       ML
       22   1.6027   1.9944   0.5586   0.1360   1.5008   0.1529   1.9072   2.4510   0.0000  43.3455   5.6030       ML
       23   1.9351   0.2731   0.6264   1.0000   0.2760   0.6941   0.4692   1.4347   0.0000 174.9164 101.6770       ML
       24   1.9648  10.1770   0.6417   0.0002   3.4617   0.3987   2.4153   3.2918   0.0000  34.3187  10.1920       ML
       25   1.5279   0.7645   0.5232   0.8200   0.0012   0.3546   1.5857   1.4568   0.0000  87.1123  30.7970       ML
       26   1.6841   1.8945   0.7958   0.0006   0.0007   0.3499   0.7561   1.0093   0.0000 104.4326   4.4280       ML
       27   1.1075   1.7505   0.5562   0.0003   1.0513   0.2772   1.3731   2.3792   0.0000  15.2509   5.5880       ML
       28   2.1859   5.0228   0.7586   0.0001   1.3097   0.9600   1.1086   1.8241   0.0000 126.8259  28.7030       ML
       29   2.3649   3.8043   0.9985   0.0001   0.4987   1.0409   0.8711   3.1168   0.0000  99.3105  13.7230       ML
        3   2.3942   0.7843   0.7512   0.0002   0.0001   0.8256   0.6734   1.5945   0.0000 160.8247  27.3370       ML
       30   1.1452   2.1876   0.5819   0.2302   0.8484   0.2376   1.4587   2.4577   0.0000   5.3697  10.7820       ML
       31   1.2520   2.6054   0.5415   0.3250   0.0003   0.4266   0.3308   1.2026   0.0000  64.5066  19.4510       ML
       32   1.2983   2.6556   0.5267   0.1725   0.2970   0.4328   0.8683   1.2627   0.0000  35.4772  10.3450       ML
       33   1.7757   1.5371   1.1132   0.0011   0.5044   1.4223   0.5033   0.1386   0.0000 187.1163  27.9150       ML
       34   2.0448   2.2464   1.0985   0.2666   0.0242   0.6790   1.0058   5.3712   0.0000  62.5860  29.3260       ML
       35   2.8181   1.8730   0.6981   0.0001   0.5037   0.0012   1.6004   1.4732   0.0000 107.8474   1.8420       ML
       36   2.4979   1.4559   1.0222   0.0000   0.3910   0.8127   0.6225   2.4864   0.0000 140.5834  13.3650       ML
       38   1.6860   3.0213   0.7722   0.0001   2.4511   0.3263   1.4737   4.4445   0.0000  51.6462   6.4800       ML
       39   0.9665   2.9403   0.6050   0.3216   0.4481   0.3261   1.0082   2.5638   0.0000 -31.8245  22.9240       ML
       40   1.4812   1.0217   0.4928   0.7892   0.0009   0.2349   0.3402   0.8737   0.0000 114.1399  21.1080       ML
       41   2.1980   6.6418   1.6421   1.0000   3.6943   2.0912   2.8520   4.1313   0.0000 185.0673 368.0230       ML
       42   1.8121   0.4140   0.4846   0.4495   0.0019   0.3916   0.2914   0.4625   0.0000 176.6741  21.0890       ML
       44   1.1754   2.3544   0.6580   0.8288   1.2055   0.3287   2.3472   1.4764   0.0000  39.0349  53.8300       ML
       45   1.3498   3.2493   0.2983   0.2789   1.8365   0.1138   0.8228   2.1122   0.0000  13.8635   4.0070       ML
       46   1.4235   2.4673   0.4457   0.0002   1.6623   0.2760   1.6199   3.7448   0.0000  12.7788   4.4760       ML
       47   2.0636   1.8000   0.6853   0.0004   1.4979   0.7588   0.8290   2.8038   0.0000 144.5578  14.8760       ML
       48   2.2025   4.9275   0.6899   0.0000   1.4945   0.2634   1.7934   3.6498   0.0000   7.2142   5.2940       ML
       49   1.1687   0.1882   0.3944   0.0001   1.0603   0.0002   1.7085   2.1174   0.0000   4.2164   0.9940       ML
        5   2.4736   4.0727   0.7354   0.0004   0.8695   0.4878   0.7953   2.0031   0.0000  90.6124   6.9190       ML
       50   1.3225   0.9243   0.6459   0.6179   0.0003   0.4011   0.8886   0.9588   0.0000 100.4942  28.8830       ML
       51   2.2143   2.3322   0.6553   0.0014   0.6818   0.4293   0.7068   2.6418   0.0000  94.3727   6.2240       ML
       52   1.8774   1.4790   0.8424   0.0005   1.0302   0.5598   1.6411   2.1859   0.0000 110.1316   8.1750       ML
       53   2.1122   1.1536   0.5269   0.9119   0.0120   0.5149   0.3055   0.8296   0.0000 185.7729  55.5190       ML
       54   3.1838   3.0349   0.6880   0.7482   0.0002   0.2488   1.6395   1.9496   0.0000  96.6587  22.6240       ML
       55   1.8516   2.5379   0.7365   0.0006   0.0026   0.3902   1.2708   3.9474   0.0000  11.6254   6.7290       ML
       56   1.6933   1.9343   0.5376   0.9508   0.1567   0.5544   0.5656   0.9124   0.0000 125.1972  34.4520       ML
       57   1.6042   5.3513   0.6809   0.0002   1.5493   0.4377   0.9407   1.8353   0.0000  54.2347   8.3490       ML
       58   1.5229   3.8275   1.0197   0.7136   0.7899   0.8070   1.0575   1.2439   0.0000 113.9809  57.0000       ML
        6   1.9071   0.8971   0.4429   0.7712   0.1727   0.1962   0.8224   0.9080   0.0000 152.9515  12.1390       ML
       61   2.0078   1.2928   0.6934   0.2981   0.2860   0.1934   0.8513   1.8904   0.0000 104.7831  11.0530       ML
       62   1.7132   1.3128   0.5730   0.5597   0.6038   0.5836   1.1391   1.5017   0.0000 121.6632  38.6720       ML
       63   1.3358   1.8476   0.7647   0.0000   0.0002   0.2710   0.5604   1.5868   0.0000  44.5026   5.7370       ML
       64   1.9748   1.8896   1.1395   0.0004   1.2942   1.3548   0.8575   1.0794   0.0000 202.7305  32.7360       ML
       65   1.3602   2.1177   0.9019   0.0004   0.0005   0.7784  -0.0815   0.9762   0.0000 120.8321  12.3640       ML
       66   2.1552   2.5158   0.5611   0.0001   0.6727   0.4017   1.1715   2.1671   0.0000  77.5477   5.0580       ML
       67   1.4547   3.2347   0.5232   0.9734   2.1416   0.2139   0.2976   0.7582   0.0000  60.2205  49.7890       ML
       68   1.5688   0.9393   0.3704   1.0000   0.0828   0.2070   0.5311   1.1229   0.0000 115.6888  26.4420       ML
       69   1.5145   0.7958   0.4728   0.0021   0.4370   0.1632   0.7183   2.0495   0.0000  77.0372   9.1170       ML
        7   3.0352   1.3521   0.7506   0.4138   0.0003   0.0009   1.5576   1.2740   0.0000 119.1591   4.9730       ML
       70   2.2080   2.2058   0.5247   0.0005   1.3498   0.2082   1.3979   1.5601   0.0000 118.0232   2.8960       ML
       71   1.2975   3.7562   0.4220   0.0003   0.0044   0.2140   0.7635   1.9946   0.0000  -6.3413   6.1520       ML
       72   2.3908   1.5445   0.5476   0.9124   0.0162   0.5242   1.2081   2.2161   0.0000 131.3901  58.4810       ML
       74   2.0761   1.2947   1.1723   0.0002   0.8206   0.9940   0.4649   1.0153   0.0000 180.5257  13.1510       ML
       75   1.4103   2.0811   0.6726   0.7714   0.5567   0.3439   1.6456   2.0152   0.0000  50.9325  37.2760       ML
       76   1.3926   3.3321   0.4473   0.0002   1.0315   0.1867   0.4358   1.2194   0.0000  38.8357   3.1740       ML
       77   2.6556   2.2752   0.3716   0.0001   1.2886   0.0005   1.5535   2.6806   0.0000  99.0167   0.6240       ML
       78   1.9652   2.7317   0.5942   0.8042   0.6729   0.0995   0.7530  -2.0599   0.0000  82.3625   7.2260       ML
       79   1.8668   3.0790   0.7349   0.0005   0.7143   0.3691   1.3517   2.5990   0.0000  34.2816   4.5320       ML
        8   2.1246   1.8344   0.5834   0.0001   1.9091   0.4693   1.0028   7.5842   0.0000  66.4334   8.5910       ML
       81   2.6846   2.4626   0.7097   0.0000   1.1638   0.5553   1.3873   3.2668   0.0000 102.3985   9.4640       ML
       82   1.7633   1.0158   0.4415   0.0016   0.6093   0.1400   0.5765   1.6758   0.0000 112.0037   4.2930       ML
       83   1.4551   2.0920   0.5049   0.6859   0.5598   0.1089   0.3150   1.2891   0.0000  59.9199   8.1840       ML
       85   1.5529   5.8148   1.0489   1.0000   3.7169   0.9809   3.2676   6.1521   0.0000 101.6171  75.5260       ML
       86   2.2892   1.1670   0.8448   0.0000   0.3717   0.4581   0.8896   1.0076   0.0000 158.0819   6.2690       ML
       87   3.1648   1.4459   0.7453   0.6340   0.0003   0.2644   2.3077   1.7809   0.0000 108.2780  15.0710       ML
       88   2.2434   0.8590   0.7712   0.6922   0.0002   0.2428   0.4132   1.0909   0.0000 177.0747  21.0700       ML
       89   2.4936   3.1434   0.5207   0.0001   0.0009   0.5747   0.9052   1.4438   0.0000 101.8223   6.6700       ML
        9   2.5081   1.0897   0.4793   0.6387   0.1145   0.1558   0.8308   1.4845   0.0000 146.8649  11.8540       ML
       90   1.1642   2.9338   0.4636   0.8738   0.0862   0.2931   0.2325   1.2850   0.0000  40.4634  51.2520       ML
       91   1.7249   5.3049   0.7728   0.0002   1.9792   0.4760   2.5322   5.3752   0.0000   2.9566   7.9580       ML
       92   3.4723   1.7129   0.8333   0.0000   0.2364   0.4883   0.9627   2.1561   0.0000 105.2013  14.0150       ML
       93   1.8810   4.5633   0.7851   0.7653   1.8540   0.4725   2.7230   4.7707   0.0000  28.6429  47.6800       ML
       94   2.7882   2.7224   0.5659   0.0002   1.2063   0.3209   1.8603   2.3765   0.0000  92.0744   5.7080       ML
       95   1.9479   5.3885   0.7632   0.0063   7.7010   0.5591   4.0086  10.7983   0.0000  77.1809  16.0360       ML
       96   2.5667   1.2327   0.2903   0.0007   6.1095   0.1259  -0.5088   1.6464   0.0000 116.8258   3.6120       ML
       97   1.7763   3.3575   0.7663   0.0005   1.4926   0.5362   0.2983   1.9594   0.0000 105.5673   7.3350       ML
       98   1.9301   2.4071   1.4358   0.0002   0.0002   1.6538   0.9301   0.3736   0.0000 160.0153  16.1140       ML
       99   1.1415   2.2414   0.7092   0.0000   0.7179   0.4481   0.9031   0.8423   0.0000  51.5874  11.5170       ML
