  dataset        a        v       t0      st0  penalty      fit     time   method
        1   1.6857   0.8203   0.2896   0.0687   0.0000 129.7398   0.1100       ML
       10   1.8844   0.1337   0.3572   0.0005   0.0000 172.6035   0.0590       ML
      100   2.0269   0.5857   0.3076   0.4298   0.0000 183.0184   0.3810       ML
      101   1.2817   0.8476   0.7744   1.3216   0.0000 178.3392   1.0860       ML
      102   2.4281   1.1338   0.6959   0.0010   0.0000 124.4254   0.1050       ML
      103   1.8325   1.3154   0.5535   0.1228   0.0000  83.5557   0.1710       ML
      104   2.1951   0.8432   0.3996   0.2616   0.0000 161.1374   0.2640       ML
      105   1.6179   1.6507   0.5344   0.3530   0.0000  53.4164   0.3680       ML
       11   1.4434   1.1717   0.5470   0.3731   0.0000  81.5203   0.4000       ML
       12   0.8649   1.5726   0.4345   0.2580   0.0000 -24.7359   0.2850       ML
       13   1.0406   2.0515   0.6375   0.6544   0.0000  52.2626   0.6150       ML
       14   1.3343   1.5712   0.5788   0.2720   0.0000  31.9882   0.2800       ML
       15   1.6092   1.4916   0.4516   0.0840   0.0000  47.3852   0.1280       ML
       17   1.2875   1.3335   0.5799   0.4349   0.0000  68.1658   0.4180       ML
       18   0.9737   2.2929   0.7341   0.4846   0.0000   4.3846   0.4930       ML
       19   1.2520   1.6510   0.5493   0.3093   0.0000  30.1660   0.2950       ML
        2   1.0944   0.1524   0.1987   0.0001   0.0000  33.9673   0.0290       ML
       20   1.5773   0.4024   0.8916   1.0094   0.0000 190.8173   0.9450       ML
       21   2.2458   1.1840   0.6585   0.0773   0.0000 118.5393   0.1300       ML
       22   1.4447   1.3045   0.5291   0.1985   0.0000  56.5492   0.2700       ML
       23   1.6971   0.4856   0.4868   0.7443   0.0000 186.6840   0.6660       ML
       24   1.4743   1.2685   0.5066   0.1797   0.0000  64.1172   0.2280       ML
       25   1.3098   0.9600   0.5114   0.2998   0.0000  87.9690   0.1920       ML
       26   1.6527   1.0930   0.7935   0.3504   0.0000 112.1053   0.3430       ML
       27   1.0728   1.4955   0.5456   0.2541   0.0000  17.8800   0.3020       ML
       28   1.7248   1.1882   0.7320   1.0785   0.0000 155.3025   1.2410       ML
       29   2.0757   1.3975   0.8915   0.9564   0.0000 132.7769   0.8620       ML
        3   2.3375   0.9401   0.7306   0.7813   0.0000 169.4913   0.7470       ML
       30   1.1484   1.6994   0.5579   0.2794   0.0000  11.6632   0.3180       ML
       31   1.2074   1.0134   0.5308   0.4318   0.0000  77.7158   0.4510       ML
       32   1.2507   1.3753   0.5258   0.4375   0.0000  44.0715   0.4580       ML
       33   1.7105   0.6131   1.0880   1.3578   0.0000 196.2081   1.0510       ML
       34   2.1601   1.4207   0.8693   0.2807   0.0000  93.8689   0.3200       ML
       35   2.5654   1.3897   0.7086   0.0004   0.0000 109.4736   0.0970       ML
       36   2.3782   1.0326   0.8889   0.5520   0.0000 162.3831   0.5600       ML
       38   1.3411   1.2300   0.7346   0.2816   0.0000  66.7616   0.2880       ML
       39   0.9856   1.8410   0.5643   0.2454   0.0000 -21.4654   0.2230       ML
       40   1.4210   0.6223   0.4119   0.2098   0.0000 117.0089   0.2300       ML
       41   1.3394   1.1704   1.5639   2.0835   0.0000 188.1507   1.5320       ML
       42   1.8017   0.3584   0.4374   0.3801   0.0000 176.9181   0.3060       ML
       44   1.0621   1.2482   0.6117   0.3321   0.0000  42.7458   0.3140       ML
       45   1.1690   1.2110   0.2845   0.0872   0.0000  23.0699   0.1370       ML
       46   1.2375   1.6791   0.4377   0.2689   0.0000  19.4240   0.2720       ML
       47   1.7342   0.9177   0.6541   0.7599   0.0000 156.2250   0.6920       ML
       48   1.6301   1.8155   0.6770   0.2357   0.0000  28.1588   0.2390       ML
       49   1.0727   0.9590   0.3975   0.0002   0.0000  15.7662   0.0700       ML
        5   2.0539   1.1943   0.6835   0.4286   0.0000 123.1501   0.3990       ML
       50   1.2963   0.8116   0.6054   0.3999   0.0000 100.8402   0.4130       ML
       51   2.0315   1.1719   0.5784   0.2559   0.0000 118.3484   0.3090       ML
       52   1.7663   1.2181   0.7928   0.4693   0.0000 112.9222   0.4330       ML
       53   1.9637   0.5279   0.3309   0.4683   0.0000 191.4013   0.3980       ML
       54   2.5152   1.5098   0.6311   0.4771   0.0000 106.6111   0.5190       ML
       55   1.7376   1.9127   0.7074   0.3485   0.0000  34.1831   0.3250       ML
       56   1.5121   0.7339   0.4149   0.5348   0.0000 139.1087   0.5370       ML
       57   1.4023   1.2822   0.6259   0.3794   0.0000  79.0049   0.3610       ML
       58   1.5326   1.0375   0.8501   0.6049   0.0000 125.8079   0.6500       ML
        6   1.7497   0.6187   0.3394   0.2396   0.0000 157.0066   0.2410       ML
       60   1.5110   0.3616   0.4370   0.0005   0.0000  10.8800   0.0070       ML
       61   1.9292   1.1715   0.6737   0.1854   0.0000 111.3151   0.2480       ML
       62   1.6155   1.0536   0.5270   0.5798   0.0000 122.5420   0.5470       ML
       63   1.2917   1.2964   0.7705   0.2787   0.0000  51.6468   0.3320       ML
       64   1.7195   0.6951   1.1271   1.3798   0.0000 208.3338   1.2450       ML
       65   1.3128   0.8905   0.8903   0.7491   0.0000 137.1146   0.8060       ML
       66   1.9774   1.4744   0.5426   0.3662   0.0000  87.2595   0.3510       ML
       67   1.1966   0.6043   0.4237   0.1406   0.0000  73.0057   0.1790       ML
       68   1.4940   0.5055   0.2244   0.0003   0.0000 125.2862   0.0730       ML
       69   1.4582   1.0027   0.4708   0.1533   0.0000  86.3413   0.1880       ML
        7   2.9958   1.2785   0.6787   0.0002   0.0000 119.8868   0.1230       ML
       70   1.8446   0.9854   0.5166   0.1734   0.0000 125.1268   0.2230       ML
       71   1.2533   1.6076   0.4064   0.1889   0.0000  14.9653   0.1990       ML
       72   2.0189   1.0553   0.3790   0.4410   0.0000 140.3010   0.4030       ML
       74   1.9934   0.6239   1.0799   0.8113   0.0000 184.5577   0.6520       ML
       75   1.2770   1.4676   0.6290   0.3608   0.0000  52.6274   0.3130       ML
       76   1.2504   1.0667   0.4433   0.1812   0.0000  57.7253   0.2350       ML
       77   2.0513   1.1993   0.3811   0.0003   0.0000 109.8249   0.0620       ML
       78   1.4792   0.2764   0.5238   0.0428   0.0000 134.6147   0.0940       ML
       79   1.6966   1.7593   0.7198   0.3425   0.0000  46.3311   0.3300       ML
        8   1.3862   1.2598   0.6241   0.6605   0.0000 104.4891   0.5590       ML
       81   2.1265   1.2365   0.6489   0.4302   0.0000 119.8476   0.3660       ML
       82   1.6605   0.9032   0.4448   0.1363   0.0000 118.6796   0.1780       ML
       83   1.3394   0.9627   0.4560   0.0813   0.0000  68.8687   0.1330       ML
       85   1.1870   1.3981   0.9459   0.9013   0.0000 109.3610   0.7850       ML
       86   2.2342   0.9220   0.8356   0.4310   0.0000 158.7922   0.4470       ML
       87   2.8933   1.4197   0.6167   0.2605   0.0000 113.0550   0.2640       ML
       88   2.0935   0.6508   0.6637   0.1904   0.0000 182.5262   0.2390       ML
       89   2.6232   1.2614   0.3262   0.0003   0.0000 125.2753   0.0790       ML
        9   2.0836   0.9951   0.5644   0.7005   0.0000 151.4108   0.6350       ML
       90   1.1082   0.8967   0.3866   0.2489   0.0000  53.4027   0.2630       ML
       91   1.4891   1.9879   0.6853   0.3489   0.0000  20.6503   0.3840       ML
       92   3.0548   1.3134   0.8081   0.8153   0.0000 128.2598   0.7630       ML
       93   1.4705   1.9060   0.7173   0.4599   0.0000  35.5564   0.4660       ML
       94   2.1829   1.2964   0.5440   0.2454   0.0000 102.6626   0.2430       ML
       95   1.3947   1.0177   0.5677   0.2835   0.0000  91.0271   0.2920       ML
       96   1.4421   0.1727   0.2611   0.0611   0.0000 133.4717   0.1120       ML
       97   1.5152   0.9423   0.7314   0.5007   0.0000 125.5003   0.4590       ML
       98   1.1584   1.4868   1.8145   2.2897   0.0000 173.9431   1.5620       ML
       99   1.2286   1.4357   0.7138   0.4618   0.0000  61.2184   0.3770       ML
