  dataset a_pure_gain v_pure_gain       t0      szr       sv      st0 a_pure_mixed v_pure_mixed a_pure_loss v_pure_loss  penalty      fit     time   method
        1   1.8386   2.4164   0.3111   0.2367   1.6984   0.0943   1.8959   1.1296   2.3592   1.4118   0.0000 117.4075   5.3740       ML
       10   1.6032   0.2643   0.3807   0.0008   0.0043   0.0000   2.1991  -0.0486   1.8087   0.2303   0.0000 164.3420   1.7520       ML
      100   1.9958   0.7144   0.5081   0.9149   0.0458   0.4045   1.9501   0.5686   2.9115   1.2214   0.0000 170.7492 108.7550       ML
      101   2.1825   0.6924   0.3021   0.6958   0.0836   0.0000   2.5144   0.7638   1.7869   0.8033   0.0000 183.4348   6.3600       ML
      102   2.2954   1.6321   0.7082   0.0003   0.0010   0.0008   2.4840   0.7811   2.6878   1.2182   0.0000 114.7423   5.4130       ML
      103   2.5542   2.0619   0.5390   0.0002   0.4239   0.0726   1.7523   0.8718   1.8350   1.6887   0.0000  73.8007   4.6740       ML
      104   2.2371   1.0913   0.4566   0.4366   0.0009   0.2812   2.2651   0.7653   2.1712   0.8720   0.0000 159.9804  20.1440       ML
      105   2.0044   4.9312   0.5930   0.0002   1.6803   0.3721   2.7364   2.1120   1.3170   3.0246   0.0000  24.4554  10.9190       ML
       11   1.7795   1.3474   0.5422   0.0006   0.4966   0.3585   1.2539   0.5176   1.7991   2.3839   0.0000  66.5056   6.6770       ML
       12   1.0150   2.1656   0.4161   0.0004   2.0166   0.2152   0.8057   0.9973   2.2812   5.0434   0.0000 -43.8208   7.1180       ML
       13   2.0971   2.7902   0.4322   0.8042   0.0003   0.0000   1.9051   1.6308   1.5599   1.5859   0.0000  40.9351   3.9350       ML
       14   1.3661   2.6706   0.5935   0.3142   0.0014   0.2776   1.4373   0.9113   1.3203   1.9800   0.0000  19.8977  18.0230       ML
       15   1.8373   1.9563   0.5056   0.6513   0.0005   0.1009   1.7197   1.2198   1.6759   2.8155   0.0000  37.0017  13.0110       ML
       17   1.7186   2.2300   0.5556   0.2608   1.1135   0.2495   1.5661   0.6118   1.4002   3.1559   0.0000  46.4443  33.5170       ML
       18   2.4799   8.3466   0.7592   0.0000   0.5745   0.4929   1.0797   1.3654   0.6325   3.8001   0.0000 -19.2492  21.9850       ML
       19   1.0505   1.6426   0.5659   0.0001   0.2194   0.3306   1.0745   1.5919   1.6267   2.0683   0.0000  21.2865  11.5550       ML
        2   1.2935  -0.1867   0.2536   0.9989   0.0067   0.0000   1.2762   0.6978   1.0751   0.2559   0.0000  17.1654   2.5990       ML
       20   1.8999   1.3439   0.6208   0.0000   0.5082   0.2861   2.3125   0.2515   2.2574  -0.0926   0.0000 170.7886  13.9380       ML
       21   3.8072   2.9500   0.7483   0.6889   0.0010   0.1351   2.4562   1.0751   2.2569   1.3027   0.0000 109.0560  17.6860       ML
       22   1.3910   1.7320   0.5567   0.0000   1.4923   0.1490   1.7236   2.0164   1.7314   2.5911   0.0000  40.8994  14.7880       ML
       23   1.4911   0.1092   0.4359   0.0004   0.2987   0.5769   1.8101   0.2245   2.8981   1.5633   0.0000 165.3032  12.4660       ML
       24   1.7166  14.4332   0.6691   0.0000   6.3278   0.4016   2.0738   4.0864   4.6596   8.0749   0.0000  26.2286  12.7920       ML
       25   1.6703   0.9558   0.5812   0.9568   0.0000   0.4350   1.1781   1.5465   1.6970   1.7906   0.0000  79.9149  82.1550       ML
       26   1.5179   1.7745   0.8087   0.0004   0.0013   0.3502   1.8454   0.8383   1.5592   0.9628   0.0000 102.2855   7.0040       ML
       27   1.0756   1.6355   0.5504   0.0010   0.9234   0.2701   1.0646   1.2729   1.2430   2.4967   0.0000  14.2211   8.4330       ML
       28   1.5932   2.1871   0.4618   0.0001   0.6863   0.3071   2.6295   0.7307   3.6849   1.6207   0.0000 125.8896   6.8090       ML
       29   1.5954   3.2139   1.0349   0.0000   0.6707   1.0162   2.4809   0.9793   2.9040   4.0060   0.0000  96.7452  27.1880       ML
        3   2.9215   1.0113   0.7899   0.4564   0.0003   0.7909   2.1451   0.6399   2.5297   1.7364   0.0000 158.0225  52.3930       ML
       30   1.2292   2.2431   0.5637   0.0004   0.9928   0.2891   1.1583   1.4970   1.2376   2.5381   0.0000   8.7297   7.8050       ML
       31   0.8834   2.1668   0.5435   0.0000   0.0026   0.4208   1.2928   0.3303   1.3802   1.2729   0.0000  57.1318  11.2610       ML
       32   1.2725   2.4819   0.5119   0.0000   0.5195   0.3344   1.2959   0.8021   1.6340   1.5062   0.0000  21.9378  11.3690       ML
       33   2.1102   2.1021   1.2477   0.0004   0.8217   1.4697   2.1716   0.6802   0.9722   0.1745   0.0000 169.7694  24.4160       ML
       34   2.2395   1.7564   0.9220   0.1588   0.0441   0.1717   2.4190   0.9581   2.2174   3.1423   0.0000  57.4603  39.0450       ML
       35   2.3043   1.6422   0.7146   0.0072   0.6521   0.0001   2.8545   1.7114   4.4622   2.4321   0.0000  96.5893   1.4330       ML
       36   3.0728   1.4435   0.8596   0.0001   0.2231   0.3024   2.7817   0.5738   2.0586   1.6721   0.0000 137.3688   6.6080       ML
       38   1.7390   2.9731   0.7657   0.0002   2.4203   0.2778   2.0462   1.6609   1.3267   3.8099   0.0000  47.4438   8.0910       ML
       39   0.9097   2.9140   0.6032   0.0001   0.8475   0.3188   0.8687   1.0103   1.2176   3.1126   0.0000 -36.3811   8.8780       ML
       40   1.3747   0.9578   0.4923   0.7567   0.0013   0.2360   1.2530   0.2770   1.8089   1.0623   0.0000 108.4817  26.9040       ML
       41   1.5196   2.1184   1.5968   0.0000   0.7178   2.0538   1.7054   0.8943   0.8369   1.5340   0.0000 177.8534  57.4590       ML
       42   1.5892   0.3746   0.4940   0.4732   0.0008   0.4047   1.9044   0.3046   1.8926   0.4883   0.0000 174.6448  30.8820       ML
       44   1.3495   2.7221   0.6596   0.8988   1.5002   0.3367   0.9284   2.2733   1.3503   1.8724   0.0000  34.4860  89.2660       ML
       45   1.3123   2.7227   0.2916   0.2866   1.4191   0.0237   1.3068   0.7574   1.2948   1.8347   0.0000   9.1789   3.9640       ML
       46   1.7785   2.9076   0.4383   0.0010   1.7416   0.2500   1.4115   1.5760   1.3139   3.5502   0.0000  10.6976   9.6390       ML
       47   1.8673   1.7156   0.7047   0.0002   1.4627   0.7214   2.4585   0.9458   1.5903   2.4564   0.0000 139.6360  12.7030       ML
       48   1.7898   4.6011   0.7102   0.0001   1.6461   0.2656   2.5908   2.2128   1.9075   3.5103   0.0000   4.8924  13.4350       ML
       49   1.2107   0.1927   0.3956   0.0035   1.0311   0.0000   1.1182   1.6372   1.1372   2.0603   0.0000   3.7839   1.5090       ML
        5   1.7094   3.3239   0.7734   0.0007   0.8282   0.4899   2.5157   0.8335   2.3311   1.9949   0.0000  88.5409   9.9700       ML
       50   1.1420   0.7594   0.6573   0.6610   0.5265   0.3436   1.2151   0.8605   1.6018   1.1336   0.0000  92.9409  32.0750       ML
       51   2.2658   2.4185   0.6700   0.0011   0.6424   0.4049   2.3782   0.7579   1.6815   2.1508   0.0000  90.5682   7.1010       ML
       52   1.9508   1.5627   0.8532   0.0000   1.0679   0.5643   1.9463   1.7314   1.6730   2.0737   0.0000 109.2668  12.4040       ML
       53   2.1120   1.1332   0.5162   0.8835   0.0007   0.5029   2.2216   0.3240   1.9491   0.7813   0.0000 185.2991 131.5830       ML
       54   2.4595   2.7344   0.7618   0.7600   0.0005   0.4417   3.2225   1.7546   3.0723   2.0358   0.0000  96.2712  71.1780       ML
       55   3.6373   4.2604   0.6922   0.0003   0.3159   0.3323   1.8706   1.2307   1.8413   3.4673   0.0000   5.4058   9.7510       ML
       56   2.2246   2.2128   0.4648   0.8334   0.0004   0.4644   1.5910   0.4533   1.6542   0.8276   0.0000 126.0792  67.4690       ML
       57   1.7071   5.7232   0.6718   0.0002   1.7753   0.4072   1.3945   0.8747   2.4035   2.5658   0.0000  47.4379  14.3160       ML
       58   1.1665   2.7985   1.0032   0.0005   0.5484   0.8013   1.7382   0.9949   1.0869   0.9462   0.0000 105.3197  16.8320       ML
        6   1.9012   0.7680   0.4463   0.7729   0.0006   0.2619   1.5658   0.6956   2.0438   0.8644   0.0000 152.2895  37.7870       ML
       61   2.8781   1.7503   0.6453   0.0012   0.4540   0.0005   1.8176   0.7495   2.1050   1.8738   0.0000  97.5950   3.2850       ML
       62   1.6944   1.1015   0.5040   0.0002   0.5045   0.4958   1.4444   0.9006   2.3785   1.6875   0.0000 114.1998   9.6830       ML
       63   1.2245   1.7105   0.7628   0.0003   0.0013   0.2589   1.2306   0.5202   1.8278   2.1036   0.0000  37.8777   7.3880       ML
       64   1.3652   1.7065   1.1874   0.0007   1.2271   1.3565   2.3592   0.9457   1.8267   1.0486   0.0000 195.8845  27.1700       ML
       65   1.6669   1.6682   0.7234   0.0002   0.0039   0.3816   1.3176  -0.0622   2.0616   1.0096   0.0000 112.2049   9.4160       ML
       66   2.6539   2.8942   0.5378   0.0000   0.6861   0.3629   2.2158   1.1662   2.0738   2.0233   0.0000  76.5467   8.2150       ML
       67   2.0411   4.4391   0.5025   0.9492   3.0792   0.1703   1.6155   0.3678   1.4638   0.8636   0.0000  58.2616  42.6120       ML
       68   1.6242   0.9179   0.3740   0.9806   0.0425   0.1838   1.7110   0.5557   1.5763   1.1546   0.0000 115.0724  46.2500       ML
       69   1.6550   0.8644   0.4735   0.0030   0.4134   0.1616   1.3517   0.6428   1.5610   2.1049   0.0000  74.2310   8.6800       ML
        7   2.7524   1.2617   0.7808   0.4967   0.0004   0.0006   2.8676   1.5337   3.8084   1.6109   0.0000 117.1413   5.6950       ML
       70   2.4859   2.4055   0.5159   0.0003   1.3257   0.1931   2.1381   1.3262   2.1326   1.4802   0.0000 117.0026   4.0640       ML
       71   0.9521   3.1991   0.4383   0.0005   0.0008   0.2197   1.2770   0.7808   1.4367   2.2952   0.0000 -10.5485   9.9630       ML
       72   2.1491   1.3540   0.5525   1.0000   0.3306   0.5145   2.5916   1.3716   4.3722   3.7786   0.0000 128.1883 110.3150       ML
       74   1.7620   0.9753   1.0796   0.0002   0.5624   0.7320   2.5306   0.4589   2.0686   0.8438   0.0000 175.3085   8.5990       ML
       75   1.8638   1.8217   0.5616   0.0014   0.0004   0.1861   1.1174   0.8027   1.5401   1.6906   0.0000  40.6119   9.8080       ML
       76   1.1438   2.8336   0.4535   0.0002   0.9229   0.1698   1.4319   0.4483   1.4075   1.2313   0.0000  36.7994   6.1370       ML
       77   2.8647   2.4448   0.3673   0.0009   1.3149   0.0000   2.5798   1.5069   2.7069   2.7185   0.0000  98.6805   1.1490       ML
       78   1.8168   2.3427   0.5696   0.6492   0.4253   0.0706   1.9599   0.6568   1.6853  -1.6292   0.0000  81.6719   7.8800       ML
       79   1.4998   2.6940   0.7445   0.0006   0.7872   0.3614   1.9527   1.4481   2.1359   3.0153   0.0000  31.7278   8.2450       ML
        8   9.9838  10.1365   0.6372   0.0000   9.0978   0.4423   6.5054   4.0672   1.3521  18.7997   0.0000  50.2422  18.7430       ML
       81   2.3656   2.3233   0.7353   0.0002   1.1768   0.5640   2.8682   1.5155   2.3491   3.0788   0.0000 101.5269  19.6510       ML
       82   2.2912   1.7095   0.5241   0.6989   1.1145   0.1950   1.6375   0.7411   1.9397   2.3351   0.0000 108.7423  26.8720       ML
       83   1.7776   2.0554   0.4432   0.0001   0.2010   0.0405   1.2527   0.2642   1.4017   1.0007   0.0000  54.5813   4.9690       ML
       85   1.1030   2.8054   0.9817   0.0001   1.8642   0.9533   1.3021   1.5027   1.3389   3.1320   0.0000 102.5227  36.8760       ML
       86   2.2606   1.1334   0.8413   0.0001   0.3329   0.4360   2.4690   0.9438   2.1451   0.9368   0.0000 157.2076   7.2750       ML
       87   4.1384   1.8832   0.7897   0.7569   0.0005   0.2648   2.7068   2.1432   3.3331   1.9632   0.0000 106.8489  50.2350       ML
       88   2.4867   0.8674   0.7246   0.4455   0.0000   0.2010   1.7919   0.3066   2.3871   1.1020   0.0000 171.4655  22.6690       ML
       89   2.6672   3.2897   0.5135   0.0003   0.0042   0.5738   2.5819   0.9312   2.3931   1.3783   0.0000 101.5780  20.2020       ML
        9   1.8327   0.7060   0.3900   0.0001   0.0364   0.0000   2.8760   0.8342   3.0144   1.5789   0.0000 134.8809   1.4290       ML
       90   0.8539   1.9700   0.4306   0.5234   0.4834   0.2310   0.9135   0.2277   1.5938   1.4635   0.0000  26.3571  33.7470       ML
       91   1.6963   5.5603   0.7862   0.0002   2.0703   0.4779   1.8506   2.7897   1.3159   4.8320   0.0000   1.5021  30.9600       ML
       92   3.2480   1.6318   0.8519   0.0003   0.0006   0.8128   3.7116   1.0463   2.5366   1.6715   0.0000 114.6411  15.5900       ML
       93   1.6812   3.6220   0.7590   0.5292   1.4006   0.4617   1.8884   2.3290   1.5259   3.5269   0.0000  28.0477  47.5650       ML
       94   2.8995   2.8966   0.5734   0.0002   1.2805   0.3154   3.0849   2.0944   2.5053   2.2261   0.0000  91.0517   5.8380       ML
       95   1.2767   1.9909   0.6810   0.0000   2.6818   0.4091   2.2984   1.8800   1.1116   3.8577   0.0000  66.4499  17.5690       ML
       96   2.2449   1.1704   0.2938   0.0005   6.6622   0.1149   3.2118  -0.6373   2.7615   1.8126   0.0000 113.7955   3.9010       ML
       97   1.5580   3.1590   0.7758   0.0003   1.5091   0.5388   1.7849   0.3037   1.8252   2.0320   0.0000 104.9882  13.8930       ML
       98   1.5863   1.9528   1.3179   0.0082   0.0002   1.3567   2.3525   0.9187   2.1584   0.3518   0.0000 157.1025  25.4040       ML
       99   0.8954   2.3868   0.7714   0.0001   0.7213   0.6329   1.0568   0.9656   0.9028   1.0463   0.0000  55.1153  12.4080       ML
