  dataset        a v_pure_gain t0_pure_gain v_pure_mixed t0_pure_mixed v_pure_loss t0_pure_loss  penalty      fit     time   method
        1   1.6733   1.4208   0.2990   0.6425   0.2637   0.6504   0.3461   0.0000 122.0481   0.0110       ML
       10   1.8390   0.2792   0.3205  -0.0437   0.4611   0.2512   0.4315   0.0000 165.7345   0.0080       ML
      100   2.1233   0.4775   0.2107   0.4880   0.1593   0.7429   0.3592   0.0000 178.1307   0.0100       ML
      101   2.0682   0.5026   0.2116   0.5334   0.2441   0.6192   0.1409   0.0000 193.3449   0.0130       ML
      102   2.4559   1.6546   0.6691   0.7786   0.7182   1.2337   0.8003   0.0000 112.5128   0.0100       ML
      103   1.8502   1.6253   0.6213   0.8494   0.5109   1.6025   0.5327   0.0000  75.1106   0.0120       ML
      104   2.1996   0.9338   0.3046   0.7347   0.4348   0.8500   0.4481   0.0000 156.7245   0.0120       ML
      105   1.8641   2.3838   0.4814   1.0917   0.5546   1.8638   0.3897   0.0000  33.5324   0.0120       ML
       11   1.6792   1.2352   0.5528   0.4395   0.3605   1.8324   0.4704   0.0000  72.6433   0.0140       ML
       12   1.0080   1.6772   0.4133   0.5013   0.3065   2.7247   0.4871   0.0000 -50.5771   0.0120       ML
       13   1.5473   1.8350   0.3846   1.1735   0.4042   1.2549   0.3445   0.0000  46.3403   0.0130       ML
       14   1.6228   2.1872   0.4797   0.9067   0.5432   1.5933   0.4547   0.0000  30.3368   0.0150       ML
       15   1.6592   1.5298   0.4568   0.9888   0.4159   2.5204   0.4689   0.0000  36.3627   0.0140       ML
       17   1.5964   1.4682   0.5167   0.4485   0.4920   1.9942   0.3850   0.0000  51.4736   0.0130       ML
       18   1.5365   3.0125   0.6110   0.9510   0.5450   1.8969   0.4848   0.0000  -3.8295   0.0130       ML
       19   1.4813   1.4292   0.4201   1.4844   0.4650   1.5100   0.4720   0.0000  31.9361   0.0130       ML
        2   1.0996  -0.4110   0.1919   0.6216   0.2166   0.2806   0.1922   0.0000  30.5043   0.0060       ML
       20   2.0255   1.3259   0.6032   0.1499   0.3926  -0.0878   0.8623   0.0000 175.6525   0.0100       ML
       21   2.2456   1.5284   0.6603   1.0008   0.7611   1.1143   0.6164   0.0000 111.6909   0.0120       ML
       22   1.5309   1.0434   0.4381   1.0687   0.4943   1.9733   0.5661   0.0000  52.1049   0.0140       ML
       23   1.8645   0.1002   0.1850   0.2175   0.3828   1.2540   0.6361   0.0000 155.4356   0.0100       ML
       24   1.4999   2.5361   0.4542   0.6758   0.5309   1.3863   0.6160   0.0000  29.5923   0.0120       ML
       25   1.5816   0.4770   0.3040   1.0085   0.4067   1.0555   0.3641   0.0000  93.6127   0.0100       ML
       26   1.7984   1.6126   0.6795   0.7449   0.7455   0.9881   0.7464   0.0000 101.9625   0.0110       ML
       27   1.2850   1.2584   0.4570   1.0178   0.4698   1.6715   0.4495   0.0000  20.2265   0.0120       ML
       28   2.1044   1.9010   0.3091   0.6196   0.6766   1.0668   0.6575   0.0000 113.7531   0.0120       ML
       29   2.6641   1.7571   0.4975   0.7834   0.8841   1.8169   0.6576   0.0000 102.2600   0.0160       ML
        3   2.6720   0.7535   0.5762   0.6668   0.6161   1.2717   0.4357   0.0000 163.3848   0.0080       ML
       30   1.3672   1.7882   0.5033   1.0302   0.4244   1.9951   0.5029   0.0000  10.1912   0.0130       ML
       31   1.5052   1.5691   0.3311   0.2555   0.3484   1.3795   0.5563   0.0000  69.0676   0.0120       ML
       32   1.4885   2.3579   0.4720   0.5533   0.3011   1.5643   0.5989   0.0000  34.9415   0.0120       ML
       33   2.1402   1.0468   0.8270   0.5123   1.1578   0.0741   0.4526   0.0000 170.8883   0.0100       ML
       34   2.5136   1.5350   0.7321   1.0061   0.9437   3.0372   0.8609   0.0000  65.0399   0.0130       ML
       35   2.5215   1.4545   0.6629   1.3706   0.7265   1.4594   0.8478   0.0000 102.2130   0.0110       ML
       36   2.4506   1.3748   1.0334   0.5583   1.0357   1.6123   0.7199   0.0000 127.6366   0.0110       ML
       38   1.4287   1.3520   0.7086   0.7676   0.7728   1.6509   0.6335   0.0000  48.0259   0.0120       ML
       39   1.3969   1.8627   0.4421   0.6300   0.4038   2.2693   0.5142   0.0000   1.2718   0.0140       ML
       40   1.4971   0.8462   0.3934   0.1981   0.3370   0.7400   0.3858   0.0000 113.2070   0.0100       ML
       41   2.5119   0.9737   0.7591   0.4965   0.9393   0.5141   0.4731   0.0000 199.4699   0.0090       ML
       42   1.9549   0.3903   0.3904   0.2692   0.2856   0.3895   0.3173   0.0000 181.8758   0.0090       ML
       44   1.3199   1.3295   0.5167   1.2065   0.4859   0.7324   0.4763   0.0000  49.0309   0.0120       ML
       45   1.2285   1.9417   0.2757   0.5342   0.2481   1.3772   0.2842   0.0000  16.5782   0.0120       ML
       46   1.3886   1.6441   0.4069   1.3125   0.4351   1.8285   0.3224   0.0000   8.4098   0.0120       ML
       47   2.0078   0.9488   0.4980   0.4866   0.6313   1.2318   0.3583   0.0000 139.7238   0.0110       ML
       48   1.7400   2.6123   0.6254   1.4959   0.8050   1.8279   0.5923   0.0000   4.1011   0.0120       ML
       49   1.1028   0.0723   0.4030   1.5335   0.3989   1.6659   0.3909   0.0000   4.4529   0.0100       ML
        5   2.2795   2.1113   0.5258   0.7426   0.8634   1.4058   0.6502   0.0000  90.2338   0.0090       ML
       50   1.5177   0.6342   0.4275   0.6542   0.4801   0.8618   0.5513   0.0000 104.8375   0.0110       ML
       51   2.1160   1.6827   0.5454   0.6637   0.7732   1.7684   0.5086   0.0000  89.6082   0.0100       ML
       52   2.0278   1.0268   0.6989   1.1142   0.6677   1.2621   0.6014   0.0000 114.6415   0.0120       ML
       53   2.0939   0.6688   0.1723   0.2729   0.2481   0.6347   0.2839   0.0000 187.5478   0.0110       ML
       54   2.8994   2.2093   0.5689   1.2230   0.4963   1.3663   0.4499   0.0000  98.8971   0.0100       ML
       55   2.3053   2.8530   0.7162   1.2008   0.5492   2.8380   0.5578   0.0000  11.6547   0.0130       ML
       56   1.8316   1.4328   0.3785   0.2509   0.1912   0.5250   0.1775   0.0000 132.8311   0.0120       ML
       57   1.6541   2.4003   0.5065   0.4960   0.4974   1.2757   0.6178   0.0000  51.9693   0.0130       ML
       58   1.7947   1.5481   0.6302   0.7980   0.9070   0.6402   0.6168   0.0000 107.4836   0.0110       ML
        6   1.7757   0.6844   0.3909   0.5693   0.2578   0.5847   0.3137   0.0000 153.8681   0.0110       ML
       61   1.9446   1.3761   0.7854   0.7171   0.6003   1.7418   0.6753   0.0000  95.0932   0.0100       ML
       62   1.7987   1.0109   0.4687   0.6851   0.2614   1.4074   0.6031   0.0000 107.3267   0.0130       ML
       63   1.4157   1.4486   0.6475   0.5980   0.7703   1.6512   0.7699   0.0000  38.4979   0.0120       ML
       64   2.2439   0.8453   0.5607   0.4873   0.9093   0.4157   0.5576   0.0000 200.0500   0.0100       ML
       65   1.7987   1.3984   0.5828  -0.0647   0.5784   0.8647   0.7209   0.0000 118.3210   0.0140       ML
       66   2.3067   2.0220   0.4698   1.0510   0.4885   1.5648   0.3832   0.0000  78.9932   0.0110       ML
       67   1.2766   1.3710   0.4125   0.2134   0.4082   0.2159   0.3691   0.0000  64.2180   0.0140       ML
       68   1.4700   0.5458   0.2088   0.3854   0.2700   0.6093   0.2322   0.0000 122.3392   0.0100       ML
       69   1.5892   0.7569   0.4456   0.6318   0.4219   1.8227   0.4257   0.0000  79.3820   0.0130       ML
        7   2.9387   1.1913   0.6221   1.4640   0.7332   1.2354   0.7603   0.0000 117.1357   0.0120       ML
       70   1.9045   1.2122   0.4799   0.8934   0.5385   0.8377   0.4566   0.0000 122.9407   0.0100       ML
       71   1.4231   2.6722   0.3312   0.7713   0.3896   1.9997   0.4000   0.0000  -4.1542   0.0130       ML
       72   2.1346   1.0944   0.3721   0.6876   0.1904   1.4652   0.3729   0.0000 131.9127   0.0100       ML
       74   2.3189   0.7576   0.7545   0.3274   0.9020   0.6771   0.8648   0.0000 183.3282   0.0120       ML
       75   1.4875   1.5875   0.6015   0.8228   0.4749   1.5370   0.5315   0.0000  43.4432   0.0130       ML
       76   1.2958   2.1842   0.3855   0.3769   0.4513   1.1578   0.4895   0.0000  30.0180   0.0150       ML
       77   2.0745   1.3574   0.3961   0.8532   0.3933   1.4771   0.3630   0.0000 105.1608   0.0090       ML
       78   1.7151   1.8500   0.4967   0.4845   0.5362  -1.3501   0.5043   0.0000  83.3206   0.0110       ML
       79   2.0685   2.1513   0.5718   1.1763   0.6451   2.1697   0.6506   0.0000  36.8804   0.0120       ML
        8   1.4819   1.1705   0.7564   0.7029   0.7055   2.4416   0.3879   0.0000  34.0530   0.0130       ML
       81   2.3035   1.5007   0.6453   0.7891   0.6422   1.6566   0.4984   0.0000 105.2689   0.0090       ML
       82   1.7293   0.9097   0.4409   0.4527   0.4333   1.3740   0.4012   0.0000 112.1481   0.0110       ML
       83   1.3775   1.7225   0.4785   0.2727   0.4182   1.0245   0.4631   0.0000  56.2228   0.0130       ML
       85   1.7244   1.6656   0.8583   0.5038   0.5023   1.3455   0.6059   0.0000  93.2953   0.0130       ML
       86   2.3860   0.9756   0.7011   0.8543   0.8145   0.8635   0.7103   0.0000 158.8226   0.0110       ML
       87   3.0473   1.2416   0.5959   1.7289   0.5485   1.4504   0.5941   0.0000 109.2992   0.0120       ML
       88   2.1207   0.7457   0.7724   0.2996   0.5670   0.9514   0.6943   0.0000 172.0851   0.0110       ML
       89   2.8158   2.3461   0.3155   0.9237   0.4048   1.3507   0.3392   0.0000 103.3441   0.0100       ML
        9   2.2378   0.7737   0.3017   0.8247   0.6605   1.3043   0.4875   0.0000 134.1554   0.0090       ML
       90   1.2094   1.4584   0.3086   0.1492   0.2811   1.2104   0.4908   0.0000  28.9915   0.0120       ML
       91   1.8627   2.2456   0.5617   1.3065   0.6349   2.3404   0.5466   0.0000  12.2287   0.0120       ML
       92   3.5345   1.6950   0.8230   1.0837   0.9938   1.4487   0.4077   0.0000 114.4102   0.0100       ML
       93   1.8594   1.8662   0.5477   1.5593   0.6897   1.6855   0.5073   0.0000  36.7769   0.0110       ML
       94   2.2122   1.5857   0.5344   1.1304   0.6206   1.2181   0.4502   0.0000  96.8659   0.0110       ML
       95   1.4452   0.9925   0.5309   0.6651   0.6610   1.6700   0.4803   0.0000  64.7095   0.0140       ML
       96   1.4204   0.2605   0.2352  -0.0001   0.3054   0.3224   0.2794   0.0000 128.9789   0.0100       ML
       97   1.8336   1.7334   0.5617   0.2079   0.5898   1.0053   0.5861   0.0000 110.1395   0.0100       ML
       98   2.2539   1.2117   0.6578   0.7554   1.2330   0.4835   1.6785   0.0000 140.0056   0.0090       ML
       99   1.4754   1.5889   0.5627   0.6982   0.6054   0.5685   0.4405   0.0000  75.5185   0.0120       ML
