  dataset        a        v       t0      st0  penalty      fit     time   method
        1   1.2559   0.2195   0.2488   0.0428   0.0000  59.6719   0.0660       ML
       10   1.5407  -0.0003   0.5478   0.0002   0.0000  95.8840   0.0520       ML
      100   1.8963   0.0460   0.3023   0.5488   0.0000 147.2412   0.2780       ML
      101   1.6776   0.0878   0.7900   0.4491   0.0000 128.9679   0.2870       ML
      102   1.6041  -0.0485   1.2988   1.2253   0.0000 123.3209   0.5250       ML
      103   1.6405   0.0257   0.4297   0.3399   0.0000 122.1168   0.2080       ML
      104   1.9293   0.0344   0.2991   0.0010   0.0000 136.5483   0.0420       ML
      105   2.1740   0.1328   0.3713   0.0003   0.0000 143.6780   0.0810       ML
       11   1.5913   0.0003   0.3982   0.2501   0.0000 110.9769   0.2020       ML
       12   1.0093   0.1650   0.4051   0.1355   0.0000  29.1232   0.1330       ML
       13   1.1078   0.3764   0.3363   0.0464   0.0000  36.8381   0.0620       ML
       14   1.0454   0.0401   0.4778   0.2565   0.0000  47.5107   0.1700       ML
       15   1.2495   0.4085   0.5071   0.3077   0.0000  71.3685   0.1970       ML
       17   1.6196   0.2608   0.4385   0.4229   0.0000 119.3873   0.2610       ML
       18   1.7938   0.2500   0.8396   1.1549   0.0000 157.9871   0.6770       ML
       19   1.3498   0.1556   0.3998   0.2033   0.0000  79.6152   0.1350       ML
        2   1.8478   0.0119   0.2534   0.0004   0.0000 136.7458   0.0490       ML
       20   1.7373   0.0882   1.0432   1.0250   0.0000 146.1715   0.5550       ML
       21   1.9600   0.0875   0.6423   0.5878   0.0000 153.8600   0.3810       ML
       22   1.4005   0.0458   0.4103   0.1811   0.0000  85.4262   0.1560       ML
       23   1.6239   0.0527   0.4622   0.3720   0.0000 117.7792   0.2060       ML
       24   1.6128   0.0262   0.4188   0.2821   0.0000 114.4748   0.1770       ML
       25   1.3834   0.1378   0.2972   0.0911   0.0000  80.4310   0.0890       ML
       26   2.0759   0.1218   0.2636   0.0004   0.0000 155.9266   0.0580       ML
       27   1.2151   0.2758   0.5472   0.6575   0.0000  95.0533   0.3760       ML
       28   1.3756   0.2049   0.2813   0.0000   0.0000  82.5744   0.0440       ML
       29   1.9500   0.2645   0.7919   0.5801   0.0000 144.3441   0.3170       ML
        3   2.0038  -0.0110   0.5389   0.3873   0.0000 148.2805   0.2250       ML
       30   1.0899   0.0377   0.3935   0.3739   0.0000  64.8048   0.2050       ML
       31   1.1144   0.0745   0.2774   0.0001   0.0000  39.3127   0.0530       ML
       32   0.8802  -0.0002   0.6598   0.6419   0.0000  55.4988   0.4010       ML
       33   1.3438   0.1623   0.9225   1.1673   0.0000 127.1502   0.5550       ML
       34   0.9701   0.1293   1.4134   1.7585   0.0000 139.5586   0.8490       ML
       35   2.1951  -0.0637   1.0490   0.3379   0.0000 161.7789   0.1710       ML
       36   1.2516   0.2339   1.0559   1.4037   0.0000 134.8267   0.9110       ML
       38   1.4028   0.2392   0.4705   0.3449   0.0000  94.6810   0.1960       ML
       39   1.3346   0.2848   0.3150   0.0773   0.0000  71.8273   0.0740       ML
       40   1.5687  -0.0259   0.2267   0.0002   0.0000 108.7920   0.0520       ML
       41   1.8882   0.1001   0.4961   0.0002   0.0000 137.8360   0.0620       ML
       42   1.5141   0.0285   0.4793   0.2758   0.0000  98.2621   0.1800       ML
       44   1.3724   0.0602   0.2466   0.0003   0.0000  78.8319   0.0510       ML
       45   1.3019   0.1301   0.2636   0.0002   0.0000  66.4049   0.0570       ML
       46   1.3766   0.0601   0.7592   0.9584   0.0000 126.8731   0.4710       ML
       47   1.9044   0.2655   0.4461   0.3307   0.0000 136.8104   0.1940       ML
       48   1.6980   0.0263   0.5356   0.0011   0.0000 117.1026   0.0620       ML
       49   1.3444   0.2166   0.3739   0.0001   0.0000  73.5171   0.0470       ML
        5   1.5665   0.0001   0.4472   0.0011   0.0000 101.7662   0.0610       ML
       50   1.4615  -0.0143   0.4540   0.2187   0.0000  96.6592   0.1390       ML
       51   1.7403   0.0606   0.3720   0.0006   0.0000 122.5857   0.0650       ML
       52   0.9175   0.3415   1.6161   2.3199   0.0000 150.6611   1.1500       ML
       53   1.8701  -0.1285   0.2988   0.0005   0.0000 130.9864   0.0560       ML
       54   1.7506   0.1214   0.6020   0.5646   0.0000 137.8156   0.3530       ML
       55   1.1057   0.2644   0.6661   0.4363   0.0000  69.3659   0.2800       ML
       56   1.1739  -0.0705   0.3264   0.0000   0.0000  51.0236   0.0480       ML
       57   1.3746   0.0011   0.3595   0.0007   0.0000  83.0286   0.0450       ML
       58   1.6924   0.0758   0.3577   0.4023   0.0000 126.6862   0.2350       ML
        6   1.6934  -0.0652   0.2161   0.0014   0.0000 109.7886   0.0480       ML
       60   1.4041   0.2717   0.2474   0.0002   0.0000  13.7938   0.0070       ML
       61   1.6671   0.1768   0.8037   0.6173   0.0000 128.7957   0.3850       ML
       62   1.7266   0.0241   0.3411   0.0003   0.0000 122.7018   0.0670       ML
       63   1.5190   0.1107   0.6871   0.6283   0.0000 116.5901   0.3650       ML
       64   2.2683   0.0725   0.2350   0.0010   0.0000 154.7199   0.0930       ML
       65   1.3946   0.1792   0.5286   0.2089   0.0000  88.6702   0.1390       ML
       66   1.8558  -0.0008   0.3613   0.0008   0.0000 133.8428   0.0930       ML
       67   1.2814   0.0970   0.3898   0.0002   0.0000  66.1032   0.0480       ML
       68   2.1019   0.2583   0.4362   0.1575   0.0000 146.5434   0.1210       ML
       69   1.5278   0.1093   0.2731   0.0011   0.0000  98.8332   0.0550       ML
        7   1.9176  -0.0777   0.8038   0.5221   0.0000 128.5815   0.2940       ML
       70   2.0289  -0.0114   0.3524   0.0009   0.0000 134.0413   0.0450       ML
       71   1.2383   0.4832   0.6451   0.5016   0.0000  84.5594   0.3070       ML
       72   1.5455   0.0412   0.3069   0.0005   0.0000  99.2007   0.0470       ML
       74   1.6355   0.0388   0.9980   0.9384   0.0000 139.7401   0.5750       ML
       75   1.7298   0.0239   0.4246   0.0980   0.0000 124.6403   0.0880       ML
       76   1.1089   0.0369   0.3116   0.0997   0.0000  43.7931   0.0940       ML
       77   1.9992   0.0107   0.2263   0.0008   0.0000 144.0390   0.0460       ML
       78   1.0915   0.1151   0.4090   0.1504   0.0000  42.8736   0.1300       ML
       79   1.9033   0.1678   0.5846   0.4070   0.0000 145.0729   0.2560       ML
        8   1.7080   0.1229   0.6888   0.3618   0.0000 128.7345   0.2100       ML
       81   1.9495   0.0218   0.5233   0.0002   0.0000 145.3655   0.1130       ML
       82   1.7676  -0.0486   0.3890   0.2152   0.0000 125.9947   0.1260       ML
       83   1.8917   0.2533   0.5076   0.0007   0.0000 131.7238   0.1310       ML
       85   1.2675  -0.0330   0.3981   0.0467   0.0000  64.5576   0.0630       ML
       86   2.0612   0.1163   0.7425   0.4896   0.0000 143.4583   0.3030       ML
       87   1.8328   0.3354   0.3249   0.0004   0.0000 114.7709   0.0460       ML
       88   2.1759  -0.0113   0.5877   0.3584   0.0000 144.3275   0.2000       ML
       89   2.2289   0.0702   0.3086   0.0008   0.0000 136.8114   0.0600       ML
        9   1.7313  -0.0130   0.3591   0.0927   0.0000 117.1190   0.0870       ML
       90   0.7425  -0.0002   0.3310   0.0513   0.0000 -33.7372   0.0580       ML
       91   1.6168   0.1036   0.6328   0.3399   0.0000 119.0473   0.2040       ML
       92   1.8798   0.0385   0.9126   0.9031   0.0000 136.6638   0.4930       ML
       93   1.1847   0.1019   0.3149   0.0002   0.0000  55.1884   0.0410       ML
       94   0.6715   0.0847   1.9414   2.7283   0.0000 121.4850   1.1610       ML
       95   1.5998   0.1252   0.2528   0.0001   0.0000 113.7177   0.0450       ML
       96   1.5269  -0.0139   0.5487   0.2952   0.0000 106.5341   0.1990       ML
       97   1.6573   0.2333   0.6186   0.0003   0.0000 109.8507   0.0510       ML
       98   0.7531   0.0454   2.3875   1.8313   0.0000  82.0172   0.6410       ML
       99   1.3709   0.2440   0.8018   0.5185   0.0000 101.3075   0.3090       ML
