  dataset a_mixed_gain v_mixed_gain       t0      szr       sv      st0 a_mixed_loss v_mixed_loss  penalty      fit     time   method
        1   1.6206   0.3493   0.2675   0.0004   1.0492   0.0515   1.0163   0.1960   0.0000  47.5017   1.5020       ML
       10   1.8293  -0.0554   0.6726   1.0000   0.4259   0.0982   1.7447  -0.0039   0.0000  86.1142  16.3740       ML
      100   1.9007   0.1169   0.4861   0.8941   0.0886   0.5584   2.0414   0.0143   0.0000 145.9034  57.4530       ML
      101   1.7617   0.2649   0.7846   0.0006   0.6691   0.4570   1.7675   0.0203   0.0000 128.5510   5.5610       ML
      102   1.7517  -0.1306   1.2028   0.0011   0.0002   1.0361   1.6770   0.0281   0.0000 123.2005   8.6830       ML
      103   2.1689   0.0058   0.3930   0.0003   1.0389   0.2105   1.6334   0.0447   0.0000 118.2897   2.9420       ML
      104   1.8701  -0.0220   0.4352   0.8168   0.0002   0.1118   2.2178   0.0595   0.0000 133.2767   7.3920       ML
      105   2.3396   0.2674   0.3740   0.0008   0.3117   0.0003   2.1004   0.0327   0.0000 142.3755   2.8850       ML
       11   1.5534  -0.0305   0.3880   0.0001   0.5871   0.2172   1.7746   0.0144   0.0000 109.8368   3.0250       ML
       12   0.9047   0.1897   0.4565   0.7840   0.0008   0.1671   1.1116   0.3749   0.0000  26.6203  23.3110       ML
       13   2.8305   2.6974   0.3439   0.0005   7.4219   0.0594   1.7189  -0.4765   0.0000  29.8579   1.7190       ML
       14   1.1735   0.3211   0.4789   0.0002   2.0438   0.2677   1.1910  -0.1066   0.0000  47.3884   4.6010       ML
       15   1.4744   0.4436   0.5058   0.0000   1.1413   0.2952   1.2182   0.6779   0.0000  69.1192   3.8990       ML
       17   1.8740   0.4425   0.4589   0.0003   0.4699   0.4306   1.4214   0.1345   0.0000 114.5356   3.4020       ML
       18   2.0767   0.2397   0.8916   0.0002   0.1343   1.1346   1.3588   0.3089   0.0000 149.0069   7.0260       ML
       19   1.3448   0.2282   0.4232   0.3846   1.2967   0.2318   1.5873   0.3323   0.0000  77.9706   8.5770       ML
        2   2.0911   0.0310   0.3495   0.7356   0.4148   0.0000   1.8556   0.0768   0.0000 134.1148   2.5620       ML
       20   1.8151   0.0535   1.2089   1.0000   0.0005   0.9894   1.7279  -0.0428   0.0000 143.9968 120.5260       ML
       21   2.1673   0.1078   0.6443   0.0003   0.2317   0.5431   1.7871   0.0714   0.0000 151.4708   5.8340       ML
       22   1.4420   0.1900   0.4081   0.0001   0.0005   0.1698   1.3741  -0.0897   0.0000  84.8293   4.3240       ML
       23   3.2918   0.3096   0.6364   0.0001   5.6622   0.6527   1.9561  -0.6715   0.0000 112.3386  17.1380       ML
       24   1.5586  -0.0556   0.4816   0.5879   0.4000   0.2864   1.7486   0.1038   0.0000 113.5216  16.7050       ML
       25   5.3598   1.0810   0.3349   0.0000   7.2815   0.1297   1.9477   1.0060   0.0000  71.0815   3.4560       ML
       26   1.8089   0.1076   0.2951   0.0000   0.0782   0.0001   2.3185   0.1416   0.0000 151.4203   0.9700       ML
       27   1.4032   0.1191   0.6757   0.9840   0.6796   0.7371   0.8815   0.6481   0.0000  86.6552  16.5350       ML
       28   0.6938  -0.0136   0.3497   0.2205   0.0009   0.0621   1.7674   0.3677   0.0000  34.8354   1.7710       ML
       29   2.1089   0.3626   0.7938   0.0003   0.0007   0.5566   1.8093   0.1665   0.0000 142.5757   5.2930       ML
        3   2.1013   0.0208   0.5374   0.0003   0.0649   0.3644   1.9085  -0.0462   0.0000 147.5874   6.5510       ML
       30   1.0687  -0.0267   0.3480   0.0001   1.3254   0.2434   1.4847   0.0381   0.0000  60.1422   3.7110       ML
       31   1.4278   0.1176   0.3629   0.8235   0.0000   0.1075   0.6278   0.1390   0.0000  12.3041  10.7590       ML
       32   0.7550  -0.0110   0.6492   0.0003   0.8454   0.6067   1.1014   0.0017   0.0000  51.2560   8.1830       ML
       33   1.1210   0.2330   0.8808   0.0001   0.0503   1.0381   1.6277   0.1090   0.0000 121.1742   9.9420       ML
       34   1.1256   0.0668   1.5101   0.9461   0.0671   1.7937   0.3881   0.4770   0.0000 134.0487  79.5770       ML
       35   1.7351   0.0341   1.6063   0.0001   0.3744   1.6274   1.2116   0.2061   0.0000 141.5338  13.7890       ML
       36   1.4857   0.2435   1.0456   0.0003   0.3653   1.3365   1.0786   0.2394   0.0000 131.6361  44.7040       ML
       38   1.5447   0.3491   0.4691   0.0002   0.0006   0.3150   1.2807   0.1251   0.0000  92.1537   4.9900       ML
       39   5.4585   1.7939   0.3556   0.0000   7.9423   0.1287   1.8871   0.3032   0.0000  64.3528   3.2700       ML
       40   2.1125  -0.5221   0.2905   0.0000   9.2580   0.0731   9.9836  -0.1672   0.0000  81.7593   1.5240       ML
       41   2.1922   0.1813   0.6319   0.8314   0.5094   0.0254   1.9755   0.1011   0.0000 130.7022   4.9290       ML
       42   1.4917   0.0567   0.4731   0.0004   0.9285   0.2577   1.7774  -0.0426   0.0000  96.5270   4.3060       ML
       44   2.9591   0.5571   0.2584   0.0000   3.3154   0.0000   1.4581  -0.0437   0.0000  68.3404   1.0380       ML
       45   1.2429   0.2039   0.3704   0.8571   0.8605   0.1328   1.4412   0.1164   0.0000  63.8072  12.1230       ML
       46   1.5392  -0.0105   0.9142   1.0000   0.7307   1.0318   1.2019   0.0652   0.0000 121.1150  64.1340       ML
       47   1.9907   0.1988   0.5497   0.6439   0.0007   0.3824   1.8801   0.4396   0.0000 136.0709  17.5780       ML
       48   1.8041  -0.1125   0.5794   0.4803   0.0007   0.0000   1.6320   0.1730   0.0000 115.7241   3.0980       ML
       49   1.4492   0.3161   0.4056   0.5133   0.0004   0.0000   1.2889   0.2031   0.0000  72.0971   1.5780       ML
        5   2.0994  -0.0092   0.4788   0.4053   1.3369   0.0001   1.4482  -0.0523   0.0000  94.8950   2.4900       ML
       50   2.3921   0.8104   0.6238   0.0001   5.2413   0.5296   1.5287  -0.3891   0.0000  92.3413  10.2510       ML
       51   1.8941   0.1878   0.4954   0.6106   0.5602   0.1000   1.7875   0.0239   0.0000 121.9119   3.1950       ML
       52   1.4162   0.5812   1.5526   0.0000   1.6888   2.1865   0.9494   0.2961   0.0000 148.9715  30.6580       ML
       53   1.4921  -0.1307   0.3389   0.0011   0.6432   0.0000   2.4554  -0.2215   0.0000 117.3366   0.8080       ML
       54   2.1914   0.2457   0.5746   0.0002   0.4309   0.3849   1.4971  -0.0085   0.0000 128.9192   3.6600       ML
       55   0.9452  -0.0519   0.7435   0.9633   0.2357   0.4666   1.2209   0.6079   0.0000  65.5560  14.5860       ML
       56   2.1843   0.0339   0.3445   0.0000   3.8230   0.0053   1.0638  -0.4386   0.0000  27.0166   0.8640       ML
       57   1.3720   0.0239   0.4201   0.7816   0.0001   0.0000   1.5602   0.0041   0.0000  78.5096   3.0170       ML
       58   2.0348  -0.0471   0.3314   0.0008   0.6277   0.2939   1.6223   0.2627   0.0000 123.1736   2.7840       ML
        6   1.8111   0.2638   0.2928   0.6633   0.9959   0.0979   1.9574  -0.3236   0.0000 108.5010   5.3950       ML
       61   1.7834   0.1352   0.8345   0.3041   0.7604   0.4547   1.7417   0.2470   0.0000 124.1658  10.1020       ML
       62   2.1627   0.0273   0.3377   0.0004   1.1621   0.0000   1.7929   0.1242   0.0000 121.3713   1.6550       ML
       63   1.5834   0.0553   0.6800   0.0004   0.0016   0.6073   1.4809   0.1647   0.0000 116.2371   9.1350       ML
       64   1.7042   0.0530   0.3606   0.0006   0.4221   0.3021   2.8633   0.1272   0.0000 141.2696   4.1900       ML
       65   1.0307   0.0974   0.6826   0.9546   0.2640   0.3406   1.6904   0.4041   0.0000  79.0394  14.6160       ML
       66   1.8442   0.0986   0.4060   0.4360   0.1762   0.0000   1.9237  -0.1074   0.0000 133.2072   2.7940       ML
       67   1.4348   0.3911   0.4863   0.9073   0.0000   0.1290   1.2164  -0.2144   0.0000  62.4610  12.3340       ML
       68   2.3298   0.5450   0.4177   0.0004   0.9444   0.1423   2.4484   0.2005   0.0000 146.1580   1.7250       ML
       69   2.0250   2.6084   0.3718   0.0011  12.7878   0.0822  10.0000   0.6194   0.0000  65.6315   2.6290       ML
        7   2.0126  -0.2923   1.0379   0.9998   0.0746   0.6049   2.0137  -0.0315   0.0000 124.9719  23.6510       ML
       70   2.3049   0.1134   0.4754   0.6490   0.0011   0.1411   1.8453  -0.1763   0.0000 130.3173   8.3490       ML
       71   1.5450   0.5978   0.5912   0.7396   0.0000   0.2059   1.3981   0.5960   0.0000  83.4299  11.2020       ML
       72   1.6473  -0.1409   0.3631   0.7214   1.6038   0.0000   2.1052   0.1391   0.0000  95.9776   1.9310       ML
       74   1.7978   0.0399   1.1268   0.7900   0.4087   0.9902   1.5172   0.0975   0.0000 138.7024  40.6910       ML
       75   1.1938  -0.0633   0.5022   0.0002   0.2564   0.2002   2.0441   0.0884   0.0000 106.5879   3.2120       ML
       76   1.3985   0.0172   0.3672   0.4224   0.9174   0.1087   0.6521   0.1134   0.0000  13.4024   6.8500       ML
       77   2.1354  -0.0436   0.3047   0.5745   0.0022   0.0001   1.9512   0.0956   0.0000 143.0591   2.0040       ML
       78   5.5098   1.2644   0.5225   1.0000  28.6925   0.2933   1.9706   0.2112   0.0000  24.7076  46.7730       ML
       79   1.9938   0.0697   0.5744   0.0000   0.1752   0.3680   1.8679   0.2666   0.0000 144.3807  12.1420       ML
        8   1.2200  -0.0001   0.7903   0.0002   0.0006   0.5072   1.9079   0.2257   0.0000 117.1833   6.0130       ML
       81   2.0084   0.0541   0.5769   0.4826   0.3643   0.0001   2.0165   0.0209   0.0000 145.1546   2.7790       ML
       82   2.3770   0.2370   0.3893   0.0007   1.3712   0.1767   1.7355  -0.4085   0.0000 119.6495   2.2930       ML
       83   1.6978   0.4555   0.6308   0.5480   0.2061   0.2722   2.0099   0.1790   0.0000 129.6789  13.5820       ML
       85   1.4619   0.2234   0.4186   0.0002   3.9504   0.1030   2.1325  -0.4179   0.0000  57.7126   1.4490       ML
       86   1.5329   0.1126   0.9640   0.0003   0.1616   0.8865   2.2166   0.1524   0.0000 136.2977   7.0930       ML
       87   2.4058   0.5557   0.4310   0.0009   0.0021   0.1616   1.1224   0.1562   0.0000  86.1517   2.5510       ML
       88   2.7858   0.0943   0.6151   0.0004   0.5736   0.3205   1.9356  -0.0853   0.0000 138.0863   2.5090       ML
       89   3.3940   0.2273   0.3775   0.0000   0.6721   0.0004   1.7632  -0.0056   0.0000 121.8523   0.6690       ML
        9   1.6926   0.0562   0.4059   0.4308   0.0002   0.1281   1.7711  -0.0933   0.0000 116.8041  10.8010       ML
       90   0.8966  -0.2313   0.3664   0.9988   0.4523   0.0880   0.5820  -0.0612   0.0000 -43.6853   6.6950       ML
       91   1.7823   0.1593   0.6363   0.0002   1.1815   0.3797   1.8057   0.2739   0.0000 118.7666   7.9060       ML
       92   1.7696   0.0967   0.9710   0.4495   0.2665   0.9315   2.0075  -0.0028   0.0000 135.9009  29.6350       ML
       93   1.5829   0.3857   0.3941   0.8663   0.8195   0.0683   0.9676   0.0770   0.0000  38.2240   9.2810       ML
       94   0.1232  -3.0978   1.9891   0.5573   1.2765   2.7526   0.8595   0.5858   0.0000 117.4937 114.1300       ML
       95   0.7391   0.1088   0.3579   0.0012   0.6369   0.0867   2.2041   0.2234   0.0000  57.5866   0.9780       ML
       96   1.3751  -0.0872   0.7227   0.9698   0.4664   0.4342   1.7373  -0.0266   0.0000 101.1927  48.2580       ML
       97   1.8658   0.3373   0.6755   0.5637   0.0012   0.0002   1.5034   0.2405   0.0000 106.3890   1.9930       ML
       98   0.7097   0.4166   2.4344   0.8558   0.3027   1.7862   0.7465  -0.1097   0.0000  78.7508  27.6940       ML
       99   1.2648   0.4558   0.9348   0.9724   0.0001   0.5427   1.5638   0.2347   0.0000  94.9719  37.3030       ML
