  dataset        a v_mixed_gain       t0 v_mixed_loss  penalty      fit     time   method
        1   1.2669   0.2558   0.2439   0.1477   0.0000  59.6563   0.0030       ML
       10   1.5408   0.0001   0.5478   0.0002   0.0000  95.8840   0.0030       ML
      100   2.0683   0.0907   0.1517   0.0002   0.0000 147.9538   0.0040       ML
      101   1.8460   0.1721   0.6606   0.0001   0.0000 129.6274   0.0030       ML
      102   2.1281  -0.1034   0.8209   0.0244   0.0000 127.2403   0.0030       ML
      103   1.7730   0.0000   0.3346   0.0554   0.0000 123.3643   0.0040       ML
      104   1.9294   0.0000   0.2991   0.0587   0.0000 136.5127   0.0020       ML
      105   2.1788   0.2313   0.3707   0.0235   0.0000 143.1540   0.0020       ML
       11   1.7390  -0.0002   0.3103  -0.0002   0.0000 115.6076   0.0030       ML
       12   1.0969   0.0906   0.3665   0.2058   0.0000  30.9395   0.0030       ML
       13   1.1375   0.6608   0.3273   0.0765   0.0000  35.9513   0.0040       ML
       14   1.2272   0.0708   0.3874  -0.0000   0.0000  51.2833   0.0030       ML
       15   1.4555   0.2753   0.3957   0.4860   0.0000  77.0994   0.0030       ML
       17   1.8079   0.3323   0.3058   0.1158   0.0000 122.4115   0.0030       ML
       18   2.2597   0.1729   0.4056   0.2567   0.0000 164.2918   0.0030       ML
       19   1.4996   0.1373   0.3240   0.1561   0.0000  85.4110   0.0040       ML
        2   1.8475   0.0000   0.2535   0.0256   0.0000 136.7390   0.0040       ML
       20   2.1850   0.1021   0.6466   0.0428   0.0000 153.2394   0.0030       ML
       21   2.1877   0.0896   0.4488   0.0697   0.0000 158.1375   0.0040       ML
       22   1.4776   0.1790   0.3666  -0.0898   0.0000  85.8927   0.0040       ML
       23   1.8131   0.0646   0.3348   0.0284   0.0000 122.1779   0.0030       ML
       24   1.7236  -0.0282   0.3438   0.0703   0.0000 115.9678   0.0030       ML
       25   1.4170   0.1817   0.2803   0.0721   0.0000  80.7501   0.0040       ML
       26   2.0760   0.1185   0.2635   0.1241   0.0000 155.9262   0.0040       ML
       27   1.6150   0.1333   0.2846   0.3419   0.0000 102.0668   0.0040       ML
       28   1.3774   0.0001   0.2810   0.2545   0.0000  82.3387   0.0030       ML
       29   2.1720   0.3128   0.6093   0.1654   0.0000 147.8824   0.0030       ML
        3   2.1582   0.0196   0.4198  -0.0468   0.0000 150.9405   0.0030       ML
       30   1.2995   0.0002   0.2696   0.0548   0.0000  66.2204   0.0030       ML
       31   1.1145   0.0991   0.2774   0.0001   0.0000  39.2843   0.0040       ML
       32   1.5346  -0.0002   0.3389  -0.0000   0.0000  85.3409   0.0040       ML
       33   1.9682   0.1766   0.4243   0.0747   0.0000 136.1514   0.0040       ML
       34   2.1278   0.0366   0.5385   0.0928   0.0000 158.1177   0.0040       ML
       35   2.4814   0.0173   0.7756   0.1273   0.0000 174.0238   0.0040       ML
       36   2.0853   0.1408   0.4113   0.1492   0.0000 153.7730   0.0040       ML
       38   1.5884   0.2959   0.3560   0.1246   0.0000  98.3917   0.0040       ML
       39   1.3584   0.3218   0.3030   0.2258   0.0000  71.9166   0.0040       ML
       40   1.5697   0.0824   0.2266  -0.0746   0.0000 108.6302   0.0040       ML
       41   1.8890   0.1413   0.4959   0.0503   0.0000 137.7482   0.0030       ML
       42   1.7072   0.0601   0.3699   0.0001   0.0000 105.4240   0.0030       ML
       44   1.3726   0.0981   0.2467  -0.0002   0.0000  78.7807   0.0040       ML
       45   1.3018   0.1422   0.2636   0.1193   0.0000  66.4023   0.0040       ML
       46   1.8707   0.0415   0.3714   0.0518   0.0000 132.7763   0.0050       ML
       47   2.0575   0.1865   0.3413   0.3376   0.0000 139.4933   0.0040       ML
       48   1.7010  -0.0904   0.5355   0.1674   0.0000 116.5426   0.0040       ML
       49   1.3442   0.2353   0.3739   0.1971   0.0000  73.5094   0.0040       ML
        5   1.5663  -0.0213   0.4474   0.0372   0.0000 101.7432   0.0040       ML
       50   1.5380   0.0469   0.4045  -0.1033   0.0000  97.0539   0.0030       ML
       51   1.7418   0.1395   0.3719  -0.0253   0.0000 122.3432   0.0040       ML
       52   2.3056   0.1608   0.4464   0.1096   0.0000 163.4371   0.0030       ML
       53   1.8708  -0.0693   0.2987  -0.1588   0.0000 130.9136   0.0030       ML
       54   1.9611   0.1808   0.4305  -0.0004   0.0000 138.9237   0.0030       ML
       55   1.3858  -0.0002   0.5044   0.3924   0.0000  73.1154   0.0040       ML
       56   1.1739  -0.0991   0.3264  -0.0002   0.0000  50.9904   0.0040       ML
       57   1.3742   0.0004   0.3596  -0.0002   0.0000  83.0285   0.0030       ML
       58   1.8359  -0.0646   0.2494   0.2402   0.0000 126.9224   0.0030       ML
        6   1.6993   0.1127   0.2156  -0.2276   0.0000 108.8708   0.0030       ML
       61   2.0439   0.0851   0.5389   0.2310   0.0000 141.5263   0.0030       ML
       62   1.7270  -0.0004   0.3411   0.0490   0.0000 122.6806   0.0040       ML
       63   1.9427   0.0452   0.4034   0.1467   0.0000 131.1764   0.0040       ML
       64   2.2682   0.0582   0.2349   0.0807   0.0000 154.7138   0.0030       ML
       65   1.4707   0.0004   0.4821   0.2764   0.0000  88.3681   0.0040       ML
       66   1.8585   0.0904   0.3612  -0.0922   0.0000 133.5027   0.0040       ML
       67   1.2837   0.2304   0.3896  -0.0735   0.0000  65.6524   0.0040       ML
       68   2.1419   0.2966   0.4090   0.2095   0.0000 146.7416   0.0030       ML
       69   1.5282   0.2159   0.2731   0.0736   0.0000  98.7259   0.0030       ML
        7   2.0883  -0.1462   0.6590   0.0002   0.0000 129.3503   0.0030       ML
       70   2.0331   0.0821   0.3522  -0.1378   0.0000 133.5319   0.0020       ML
       71   1.5053   0.3795   0.4718   0.4391   0.0000  85.8224   0.0040       ML
       72   1.5455  -0.0003   0.3068   0.0709   0.0000  99.1665   0.0040       ML
       74   2.1320   0.0198   0.5987   0.0441   0.0000 152.8093   0.0040       ML
       75   1.7552  -0.0812   0.4101   0.0671   0.0000 124.6317   0.0040       ML
       76   1.1742   0.0492   0.2848   0.0004   0.0000  45.3266   0.0040       ML
       77   2.0004  -0.0404   0.2263   0.0718   0.0000 143.8968   0.0030       ML
       78   1.1966   0.1745   0.3620   0.0004   0.0000  46.4144   0.0040       ML
       79   2.0553   0.0638   0.4677   0.2584   0.0000 146.7131   0.0030       ML
        8   1.8722   0.0002   0.5755   0.1779   0.0000 130.9056   0.0040       ML
       81   1.9495   0.0450   0.5234  -0.0002   0.0000 145.3423   0.0030       ML
       82   1.8318   0.0391   0.3459  -0.1876   0.0000 125.9341   0.0030       ML
       83   1.8964   0.4091   0.5073   0.1404   0.0000 131.0010   0.0030       ML
       85   1.2802   0.0001   0.3923  -0.0546   0.0000  64.5976   0.0040       ML
       86   2.1758   0.1054   0.6313   0.1156   0.0000 143.5795   0.0030       ML
       87   1.8368   0.3871   0.3238   0.1940   0.0000 114.5143   0.0030       ML
       88   2.2612   0.0598   0.5126  -0.1013   0.0000 144.4975   0.0020       ML
       89   2.2303   0.1100   0.3086   0.0001   0.0000 136.6786   0.0030       ML
        9   1.7486   0.0514   0.3482  -0.0750   0.0000 117.0044   0.0040       ML
       90   0.7898  -0.0000   0.3171  -0.0003   0.0000 -31.7582   0.0040       ML
       91   1.7655   0.0503   0.5312   0.1425   0.0000 121.4160   0.0040       ML
       92   2.3428   0.0730   0.5249  -0.0003   0.0000 146.9563   0.0040       ML
       93   1.1853   0.1506   0.3148   0.0001   0.0000  55.1012   0.0040       ML
       94   2.5714  -0.1436   0.5069   0.1428   0.0000 136.5113   0.0020       ML
       95   1.5993   0.1381   0.2529   0.1216   0.0000 113.7164   0.0030       ML
       96   1.6792  -0.0575   0.4532   0.0237   0.0000 109.6291   0.0040       ML
       97   1.6577   0.2623   0.6185   0.1902   0.0000 109.8101   0.0040       ML
       98   2.2381   0.1025   1.4218  -0.0596   0.0000 101.2051   0.0020       ML
       99   1.6622   0.1192   0.6094   0.2824   0.0000 106.8360   0.0030       ML
