  dataset a_mixed_gain v_mixed_gain       t0      st0 a_mixed_loss v_mixed_loss  penalty      fit     time   method
        1   1.4810   0.3161   0.2711   0.0568   0.9724   0.1263   0.0000  47.7447   0.1430       ML
       10   1.6305   0.0004   0.5521   0.0001   1.4496   0.0002   0.0000  94.7558   0.0830       ML
      100   1.8450   0.0947   0.3015   0.5457   1.9467   0.0000   0.0000 146.9472   0.4750       ML
      101   1.6671   0.1885   0.7910   0.4534   1.6868   0.0001   0.0000 128.6619   0.5200       ML
      102   1.7518  -0.1307   1.2025   1.0353   1.6772   0.0283   0.0000 123.2005   0.8370       ML
      103   1.8768   0.0010   0.4019   0.2101   1.5091   0.0521   0.0000 118.7454   0.2970       ML
      104   1.8166  -0.0000   0.3003   0.0001   2.0249   0.0618   0.0000 135.5560   0.0760       ML
      105   2.2870   0.2435   0.3780   0.0012   2.0644   0.0225   0.0000 142.4411   0.0920       ML
       11   1.5033   0.0002   0.3933   0.2220   1.6997  -0.0002   0.0000 109.9082   0.2930       ML
       12   0.9141   0.0920   0.4112   0.1470   1.0733   0.2318   0.0000  27.2807   0.1920       ML
       13   1.1915   0.7169   0.3380   0.0440   1.0479   0.0729   0.0000  34.2832   0.1100       ML
       14   1.0405   0.0791   0.4778   0.2562   1.0507   0.0003   0.0000  47.4838   0.2900       ML
       15   1.3521   0.3251   0.5089   0.2941   1.1459   0.5071   0.0000  69.3563   0.3200       ML
       17   1.8169   0.4055   0.4599   0.4260   1.3973   0.1155   0.0000 114.5892   0.4840       ML
       18   2.0700   0.2369   0.8917   1.1342   1.3569   0.3079   0.0000 149.0080   1.4970       ML
       19   1.2400   0.1399   0.4073   0.2228   1.4229   0.1718   0.0000  78.2967   0.2690       ML
        2   1.9318  -0.0001   0.2537   0.0002   1.7578   0.0250   0.0000 135.9823   0.0990       ML
       20   1.7268   0.1228   1.0424   1.0235   1.7508   0.0521   0.0000 146.1166   1.0630       ML
       21   2.1426   0.1044   0.6468   0.5449   1.7726   0.0701   0.0000 151.4853   0.6070       ML
       22   1.4420   0.1896   0.4081   0.1697   1.3740  -0.0895   0.0000  84.8293   0.2620       ML
       23   1.7860   0.0748   0.4625   0.3363   1.4670   0.0278   0.0000 115.1649   0.3910       ML
       24   1.5251  -0.0279   0.4230   0.2887   1.6887   0.0755   0.0000 113.6523   0.3210       ML
       25   1.5874   0.2169   0.3147   0.0960   1.1792   0.0652   0.0000  74.2880   0.1580       ML
       26   1.8071   0.1068   0.2953   0.0010   2.3160   0.1419   0.0000 151.4205   0.0640       ML
       27   1.3323   0.1862   0.5915   0.6849   0.9150   0.4629   0.0000  88.7095   0.6440       ML
       28   0.6956   0.0003   0.3473   0.0618   1.7448   0.3520   0.0000  34.8769   0.1120       ML
       29   2.1084   0.3625   0.7939   0.5567   1.8093   0.1659   0.0000 142.5757   0.5510       ML
        3   2.0995   0.0209   0.5375   0.3643   1.9070  -0.0470   0.0000 147.5874   0.3620       ML
       30   0.9418  -0.0001   0.3947   0.3406   1.2377   0.0697   0.0000  60.3827   0.4090       ML
       31   1.2583   0.1239   0.3202   0.0827   0.6891   0.0001   0.0000  16.2062   0.1360       ML
       32   0.7399  -0.0000   0.6510   0.6093   1.0603  -0.0002   0.0000  51.3275   0.6460       ML
       33   1.1208   0.2324   0.8808   1.0382   1.6269   0.1089   0.0000 121.1743   1.2030       ML
       34   0.9859  -0.0798   1.5332   1.8338   0.1792   1.3431   0.0000 133.8633   2.7410       ML
       35   1.7027   0.0273   1.6071   1.6277   1.2011   0.2057   0.0000 141.5514   1.5060       ML
       36   1.4663   0.2350   1.0467   1.3370   1.0707   0.2303   0.0000 131.6412   1.7810       ML
       38   1.5449   0.3496   0.4691   0.3150   1.2806   0.1252   0.0000  92.1537   0.3480       ML
       39   1.5368   0.3850   0.3305   0.0792   1.1370   0.2053   0.0000  65.6017   0.1710       ML
       40   1.1494   0.0674   0.2697   0.0001   1.9405  -0.0968   0.0000  89.8875   0.0910       ML
       41   2.0261   0.1539   0.5072   0.0002   1.7378   0.0471   0.0000 135.8724   0.1100       ML
       42   1.4002   0.0906   0.5010   0.1649   1.5931  -0.0004   0.0000  90.0808   0.5050       ML
       44   1.6048   0.1179   0.2651   0.0001   1.1277   0.0002   0.0000  70.0589   0.1040       ML
       45   1.2346   0.1411   0.2801   0.1004   1.3038   0.1229   0.0000  66.3088   0.1690       ML
       46   1.4199   0.0589   0.8395   1.0607   1.0968   0.0754   0.0000 124.1676   1.2830       ML
       47   1.9634   0.1982   0.4468   0.3235   1.8415   0.3407   0.0000 136.2630   0.3520       ML
       48   1.7687  -0.0944   0.5384   0.0002   1.6183   0.1600   0.0000 115.9122   0.1080       ML
       49   1.4277   0.2514   0.3786   0.0001   1.2544   0.1870   0.0000  72.1789   0.0790       ML
        5   1.7373  -0.0253   0.4830   0.1211   1.2805   0.0325   0.0000  95.3800   0.1710       ML
       50   1.5619   0.0541   0.4934   0.2968   1.2413  -0.1018   0.0000  93.0511   0.3130       ML
       51   1.8004   0.1435   0.3736   0.0005   1.6830  -0.0248   0.0000 121.9757   0.0980       ML
       52   1.2397   0.3481   1.5546   2.1947   0.8811   0.2396   0.0000 149.0551   2.5990       ML
       53   1.4434  -0.0564   0.3424   0.0003   2.2671  -0.2003   0.0000 117.6077   0.0960       ML
       54   2.1148   0.2255   0.5793   0.3888   1.4687  -0.0000   0.0000 128.9963   0.4570       ML
       55   0.9862  -0.0003   0.6769   0.4513   1.1844   0.4980   0.0000  66.7418   0.4530       ML
       56   1.4121  -0.1238   0.3491   0.0000   0.8329   0.0005   0.0000  31.2439   0.0620       ML
       57   1.3202   0.0001   0.3608   0.0001   1.4176  -0.0004   0.0000  82.5802   0.0850       ML
       58   1.9017  -0.0745   0.3423   0.3093   1.5601   0.2306   0.0000 123.2831   0.3380       ML
        6   1.6347   0.1105   0.2181   0.0016   1.7569  -0.2345   0.0000 108.4905   0.0940       ML
       61   1.7205   0.0987   0.8030   0.6111   1.6170   0.2588   0.0000 128.3148   0.7470       ML
       62   1.8354  -0.0001   0.3484   0.0000   1.6280   0.0468   0.0000 121.5897   0.1130       ML
       63   1.5833   0.0554   0.6801   0.6073   1.4808   0.1643   0.0000 116.2371   0.7040       ML
       64   1.6625   0.0507   0.3695   0.3141   2.7086   0.1040   0.0000 141.4640   0.4140       ML
       65   1.0794  -0.0001   0.5891   0.3607   1.4758   0.3229   0.0000  83.4291   0.4290       ML
       66   1.7984   0.0873   0.3651   0.0010   1.9192  -0.0980   0.0000 133.1842   0.1320       ML
       67   1.3321   0.2392   0.3893   0.0002   1.2315  -0.0704   0.0000  65.1371   0.0660       ML
       68   2.0734   0.2931   0.4372   0.1526   2.1367   0.2148   0.0000 146.3888   0.1810       ML
       69   0.9758   0.1728   0.3357   0.0874   1.8631   0.0966   0.0000  73.0942   0.1460       ML
        7   1.9212  -0.1542   0.8034   0.5225   1.9180   0.0003   0.0000 128.3625   0.5560       ML
       70   2.2315   0.0910   0.3678   0.0001   1.8167  -0.1254   0.0000 130.5596   0.1030       ML
       71   1.3165   0.4662   0.6360   0.4785   1.1892   0.4923   0.0000  83.9458   0.5520       ML
       72   1.4166   0.0001   0.3094   0.0001   1.6568   0.0766   0.0000  97.1766   0.0900       ML
       74   1.7073   0.0246   1.0049   0.9615   1.5297   0.0560   0.0000 139.0713   0.9180       ML
       75   1.1878  -0.0697   0.5031   0.2005   2.0217   0.0849   0.0000 106.6004   0.2480       ML
       76   1.3029   0.0630   0.3535   0.1277   0.6505  -0.0003   0.0000  16.0231   0.1940       ML
       77   2.0612  -0.0406   0.2284   0.0003   1.9271   0.0687   0.0000 143.5257   0.1010       ML
       78   1.2277   0.2102   0.4257   0.1589   0.8801   0.0001   0.0000  35.3977   0.2400       ML
       79   1.9810   0.0689   0.5757   0.3681   1.8590   0.2603   0.0000 144.3849   0.4510       ML
        8   1.2197   0.0002   0.7902   0.5076   1.9079   0.2259   0.0000 117.1833   0.5410       ML
       81   1.9648   0.0452   0.5241   0.0006   1.9347  -0.0003   0.0000 145.3232   0.1480       ML
       82   1.9758   0.0443   0.4022   0.1780   1.5129  -0.1703   0.0000 120.4208   0.2150       ML
       83   1.6732   0.3963   0.5734   0.3129   1.9526   0.1547   0.0000 129.9111   0.3300       ML
       85   1.1087   0.0002   0.4071   0.0503   1.3965  -0.0620   0.0000  60.3728   0.1040       ML
       86   1.5284   0.1116   0.9647   0.8863   2.2039   0.1522   0.0000 136.2999   0.9260       ML
       87   2.4057   0.5557   0.4310   0.1618   1.1225   0.1577   0.0000  86.1517   0.2210       ML
       88   2.5434   0.0729   0.6270   0.3324   1.8540  -0.0924   0.0000 138.3338   0.3040       ML
       89   2.8722   0.1474   0.3835   0.0003   1.6842   0.0006   0.0000 122.5684   0.0690       ML
        9   1.6901   0.0508   0.3615   0.1028   1.7701  -0.0766   0.0000 116.8217   0.1660       ML
       90   0.7929  -0.0001   0.3424   0.0754   0.6016  -0.0003   0.0000 -38.6413   0.1220       ML
       91   1.6025   0.0535   0.6342   0.3447   1.6272   0.1500   0.0000 118.9599   0.3720       ML
       92   1.7605   0.0849   0.9223   0.9293   1.9620  -0.0005   0.0000 135.9794   0.8160       ML
       93   1.3586   0.1792   0.3321   0.0449   0.9323  -0.0002   0.0000  44.2922   0.1110       ML
       94   0.1212  -1.1751   1.9729   2.7209   0.8683   0.4855   0.0000 117.0855   2.3090       ML
       95   0.7296   0.1128   0.3590   0.0879   2.0712   0.1745   0.0000  57.8856   0.1370       ML
       96   1.3838  -0.0635   0.5966   0.4197   1.5248   0.0263   0.0000 106.1000   0.4800       ML
       97   1.7965   0.2879   0.6292   0.0002   1.4781   0.1720   0.0000 106.8985   0.0900       ML
       98   0.7770   0.2875   2.3878   1.8310   0.7372  -0.1698   0.0000  81.7834   1.0150       ML
       99   1.2376   0.1381   0.8131   0.5403   1.4565   0.3382   0.0000  99.5979   0.5440       ML
